#
# A fatal error has been detected by the Java Runtime Environment:
#
#  EXCEPTION_ACCESS_VIOLATION (0xc0000005) at pc=0x00000221be9a112d, pid=37696, tid=48384
#
# JRE version: OpenJDK Runtime Environment Temurin-11.0.21+9 (11.0.21+9) (build 11.0.21+9)
# Java VM: OpenJDK 64-Bit Server VM Temurin-11.0.21+9 (11.0.21+9, mixed mode, tiered, compressed oops, g1 gc, windows-amd64)
# Problematic frame:
# v  ~StubRoutines::get_previous_fp
#
# No core dump will be written. Minidumps are not enabled by default on client versions of Windows
#
# If you would like to submit a bug report, please visit:
#   https://github.com/adoptium/adoptium-support/issues
#

---------------  S U M M A R Y ------------

Command Line: -javaagent:C:\Users\knh96\Downloads\chrome download\eclipse-jee-photon-R-win32-x86_64\eclipse\configuration\org.eclipse.osgi\962\0\.cp\jacocoagent.jar=includes=*,excludes=,exclclassloader=sun.reflect.DelegatingClassLoader,output=tcpclient,port=61158 -Dfile.encoding=UTF-8 dev.kiosk.KioskApplication

Host: 13th Gen Intel(R) Core(TM) i7-1360P, 16 cores, 31G,  Windows 11 , 64 bit Build 22621 (10.0.22621.2506)
Time: Fri Jan  5 20:01:08 2024  Windows 11 , 64 bit Build 22621 (10.0.22621.2506) elapsed time: 0.170306 seconds (0d 0h 0m 0s)

---------------  T H R E A D  ---------------

Current thread (0x00000221b620c000):  JavaThread "main" [_thread_in_vm, id=48384, stack(0x000000a567200000,0x000000a567300000)]

Stack: [0x000000a567200000,0x000000a567300000],  sp=0x000000a5672ff200,  free space=1020k
Native frames: (J=compiled Java code, j=interpreted, Vv=VM code, C=native code)
C  0x00000221be9a112d


siginfo: EXCEPTION_ACCESS_VIOLATION (0xc0000005), reading address 0x00000000000003d8


Register to memory mapping:

RIP=0x00000221be9a112d is at begin+8 in a stub
StubRoutines::get_previous_fp [0x00000221be9a1125, 0x00000221be9a1132[ (13 bytes)
RAX=0x00000000000003d8 is an unknown value
RBX=0x000000a5672ff2a0 is pointing into the stack for thread: 0x00000221b620c000
RCX=0x000000a5672ff2a0 is pointing into the stack for thread: 0x00000221b620c000
RDX=0x0 is NULL
RSP=0x000000a5672ff200 is pointing into the stack for thread: 0x00000221b620c000
RBP=0x000000a5672ff200 is pointing into the stack for thread: 0x00000221b620c000
RSI=0x0 is NULL
RDI=0x00000221b620c000 is a thread
R8 =0x000000a5672ff178 is pointing into the stack for thread: 0x00000221b620c000
R9 =0x0 is NULL
R10=0x0 is NULL
R11=0x000000a5672ff230 is pointing into the stack for thread: 0x00000221b620c000
R12=0x00000221b620c8e8 points into unknown readable memory: 0x080314c73cb66d49 | 49 6d b6 3c c7 14 03 08
R13=0x00000221b62af1a8 points into unknown readable memory: 0x00000221b3ee25f0 | f0 25 ee b3 21 02 00 00
R14=0x00000221e4c01ce0 points into unknown readable memory: 0x00000221e4c01e70 | 70 1e c0 e4 21 02 00 00
R15=0x00000221b620c510 points into unknown readable memory: 0x0000000a00000000 | 00 00 00 00 0a 00 00 00


Registers:
RAX=0x00000000000003d8, RBX=0x000000a5672ff2a0, RCX=0x000000a5672ff2a0, RDX=0x0000000000000000
RSP=0x000000a5672ff200, RBP=0x000000a5672ff200, RSI=0x0000000000000000, RDI=0x00000221b620c000
R8 =0x000000a5672ff178, R9 =0x0000000000000000, R10=0x0000000000000000, R11=0x000000a5672ff230
R12=0x00000221b620c8e8, R13=0x00000221b62af1a8, R14=0x00000221e4c01ce0, R15=0x00000221b620c510
RIP=0x00000221be9a112d, EFLAGS=0x0000000000010202

Top of Stack: (sp=0x000000a5672ff200)
0x000000a5672ff200:   00000000000003d8 00007ffbd49f5b36
0x000000a5672ff210:   00007ffc740bf550 00007ffc740bf550
0x000000a5672ff220:   000000a5672ff2c0 000000a5672ff250
0x000000a5672ff230:   00000221b620c500 00007ffbd447216c
0x000000a5672ff240:   000000a5672ff2b0 00000221b3f413f0
0x000000a5672ff250:   00000000000007d0 0000000000007fd8
0x000000a5672ff260:   00000221b620c000 00007ffbd4b491e1
0x000000a5672ff270:   00000221b3f413f0 00000221b620c500
0x000000a5672ff280:   00000221b620c500 00000221b3eed100
0x000000a5672ff290:   00000221b61ff488 00007ffc6370148c
0x000000a5672ff2a0:   0000000000000024 00007ffc637082d0
0x000000a5672ff2b0:   000000a5672ff300 00007ffc740bf550
0x000000a5672ff2c0:   00007ffc740bf550 0000000000000000
0x000000a5672ff2d0:   0000a98c9edc6bbd 00007ffc63707ae0
0x000000a5672ff2e0:   00000221b620c000 00007ffbd49f8250
0x000000a5672ff2f0:   00000221b620c348 00007ffc637082d0 

Instructions: (pc=0x00000221be9a112d)
0x00000221be9a102d:   84 83 00 00 00 83 fa 07 0f 84 80 00 00 00 89 01
0x00000221be9a103d:   48 8d a5 28 fe ff ff c5 fa 6f 75 b8 c5 fa 6f 7d
0x00000221be9a104d:   a8 c5 7a 6f 45 98 c5 7a 6f 4d 88 c5 7a 6f 95 78
0x00000221be9a105d:   ff ff ff c5 7a 6f 9d 68 ff ff ff c5 7a 6f a5 58
0x00000221be9a106d:   ff ff ff c5 7a 6f ad 48 ff ff ff c5 7a 6f b5 38
0x00000221be9a107d:   ff ff ff c5 7a 6f bd 28 ff ff ff 4c 8b 7d c8 4c
0x00000221be9a108d:   8b 75 d0 4c 8b 6d d8 4c 8b 65 e0 48 8b 5d f8 48
0x00000221be9a109d:   8b 7d e8 48 8b 75 f0 48 81 c4 d8 01 00 00 c5 f8
0x00000221be9a10ad:   77 5d c3 48 89 01 eb 88 c5 fa 11 01 eb 82 c5 fb
0x00000221be9a10bd:   11 01 e9 79 ff ff ff 49 89 47 08 49 ba 80 50 cf
0x00000221be9a10cd:   d4 fb 7f 00 00 4d 89 57 10 41 c7 47 18 da 01 00
0x00000221be9a10dd:   00 e9 2d ff ff ff 8b c1 87 02 c3 48 8b c1 48 87
0x00000221be9a10ed:   02 c3 41 8b c0 f0 0f b1 0a c3 49 0f be c0 f0 0f
0x00000221be9a10fd:   b0 0a c3 49 8b c0 f0 48 0f b1 0a c3 8b c1 f0 0f
0x00000221be9a110d:   c1 0a 03 c1 c3 48 8b c1 f0 48 0f c1 0a 48 03 c1
0x00000221be9a111d:   c3 f0 83 44 24 c0 00 c3 55 48 8b ec 48 8b 45 00
0x00000221be9a112d:   48 8b 00 5d c3 48 8b c4 48 83 c0 08 c3 c3 0f 1f
0x00000221be9a113d:   44 00 00 55 48 8b ec 49 b9 b0 00 e5 d4 fb 7f 00
0x00000221be9a114d:   00 f7 d1 41 83 f8 10 0f 8c 38 02 00 00 44 8b da
0x00000221be9a115d:   41 83 e3 0f 74 23 41 83 eb 10 45 03 c3 66 90 0f
0x00000221be9a116d:   be 02 33 c1 81 e0 ff 00 00 00 c1 e9 08 41 33 0c
0x00000221be9a117d:   81 48 ff c2 41 ff c3 7c e6 45 8b d8 41 c1 e8 04
0x00000221be9a118d:   0f 84 fc 01 00 00 c5 f9 6f 0a c5 f9 7e c8 33 c8
0x00000221be9a119d:   c4 e3 71 22 c9 00 48 83 c2 10 41 83 e8 04 0f 8c
0x00000221be9a11ad:   d7 00 00 00 c5 f9 6f 12 c5 f9 6f 5a 10 c5 f9 6f
0x00000221be9a11bd:   62 20 48 83 c2 30 41 83 e8 03 0f 8e 70 00 00 00
0x00000221be9a11cd:   49 ba a0 00 e5 d4 fb 7f 00 00 c4 c1 7a 6f 02 0f
0x00000221be9a11dd:   1f 40 00 c4 e3 79 44 e9 11 c4 e3 79 44 c9 00 c5
0x00000221be9a11ed:   f1 ef 0a c5 f1 ef cd c4 e3 79 44 ea 11 c4 e3 79
0x00000221be9a11fd:   44 d2 00 c5 e9 ef 52 10 c5 e9 ef d5 c4 e3 79 44
0x00000221be9a120d:   eb 11 c4 e3 79 44 db 00 c5 e1 ef 5a 20 c5 e1 ef
0x00000221be9a121d:   dd c4 e3 79 44 ec 11 c4 e3 79 44 e4 00 c5 d9 ef 


Stack slot to memory mapping:
stack at sp + 0 slots: 0x00000000000003d8 is an unknown value
stack at sp + 1 slots: 0x00007ffbd49f5b36 jvm.dll
stack at sp + 2 slots: 0x00007ffc740bf550 ucrtbase.dll
stack at sp + 3 slots: 0x00007ffc740bf550 ucrtbase.dll
stack at sp + 4 slots: 0x000000a5672ff2c0 is pointing into the stack for thread: 0x00000221b620c000
stack at sp + 5 slots: 0x000000a5672ff250 is pointing into the stack for thread: 0x00000221b620c000
stack at sp + 6 slots: 0x00000221b620c500 points into unknown readable memory: 0x00000221e4c01cd0 | d0 1c c0 e4 21 02 00 00
stack at sp + 7 slots: 0x00007ffbd447216c jvm.dll

StubRoutines::get_previous_fp [0x00000221be9a1125, 0x00000221be9a1132[ (13 bytes)
---------------  P R O C E S S  ---------------

Threads class SMR info:
_java_thread_list=0x00000221e4e7f220, length=15, elements={
0x00000221b620c000, 0x00000221e48c8800, 0x00000221e48f7800, 0x00000221e4967800,
0x00000221e4969000, 0x00000221e496c000, 0x00000221e496f800, 0x00000221e4974800,
0x00000221e497f000, 0x00000221e48a3800, 0x00000221e4aa3000, 0x00000221e4af8000,
0x00000221e4b3f800, 0x00000221e4b41800, 0x00000221e4c98800
}

Java Threads: ( => current thread )
=>0x00000221b620c000 JavaThread "main" [_thread_in_vm, id=48384, stack(0x000000a567200000,0x000000a567300000)]
  0x00000221e48c8800 JavaThread "Reference Handler" daemon [_thread_blocked, id=12608, stack(0x000000a567900000,0x000000a567a00000)]
  0x00000221e48f7800 JavaThread "Finalizer" daemon [_thread_blocked, id=49028, stack(0x000000a567a00000,0x000000a567b00000)]
  0x00000221e4967800 JavaThread "Signal Dispatcher" daemon [_thread_blocked, id=47156, stack(0x000000a567b00000,0x000000a567c00000)]
  0x00000221e4969000 JavaThread "Attach Listener" daemon [_thread_blocked, id=32444, stack(0x000000a567c00000,0x000000a567d00000)]
  0x00000221e496c000 JavaThread "Service Thread" daemon [_thread_blocked, id=44944, stack(0x000000a567d00000,0x000000a567e00000)]
  0x00000221e496f800 JavaThread "C2 CompilerThread0" daemon [_thread_blocked, id=44108, stack(0x000000a567e00000,0x000000a567f00000)]
  0x00000221e4974800 JavaThread "C1 CompilerThread0" daemon [_thread_blocked, id=34548, stack(0x000000a567f00000,0x000000a568000000)]
  0x00000221e497f000 JavaThread "Sweeper thread" daemon [_thread_blocked, id=4572, stack(0x000000a568000000,0x000000a568100000)]
  0x00000221e48a3800 JavaThread "Common-Cleaner" daemon [_thread_blocked, id=37608, stack(0x000000a568100000,0x000000a568200000)]
  0x00000221e4aa3000 JavaThread "C1 CompilerThread1" daemon [_thread_blocked, id=43796, stack(0x000000a568200000,0x000000a568300000)]
  0x00000221e4af8000 JavaThread "C1 CompilerThread2" daemon [_thread_blocked, id=41516, stack(0x000000a568300000,0x000000a568400000)]
  0x00000221e4b3f800 JavaThread "C2 CompilerThread1" daemon [_thread_blocked, id=40972, stack(0x000000a568400000,0x000000a568500000)]
  0x00000221e4b41800 JavaThread "C2 CompilerThread2" daemon [_thread_blocked, id=38996, stack(0x000000a568500000,0x000000a568600000)]
  0x00000221e4c98800 JavaThread "org.jacoco.agent.rt.internal_c13123e.output.TcpClientOutput" daemon [_thread_in_native, id=41868, stack(0x000000a568600000,0x000000a568700000)]

Other Threads:
  0x00000221e48c7800 VMThread "VM Thread" [stack: 0x000000a567800000,0x000000a567900000] [id=21584]
  0x00000221b6227000 GCTaskThread "GC Thread#0" [stack: 0x000000a567300000,0x000000a567400000] [id=30120]
  0x00000221b62a6000 ConcurrentGCThread "G1 Main Marker" [stack: 0x000000a567400000,0x000000a567500000] [id=44836]
  0x00000221b62a8800 ConcurrentGCThread "G1 Conc#0" [stack: 0x000000a567500000,0x000000a567600000] [id=14904]
  0x00000221e3f2f800 ConcurrentGCThread "G1 Refine#0" [stack: 0x000000a567600000,0x000000a567700000] [id=48380]
  0x00000221e3f31000 ConcurrentGCThread "G1 Young RemSet Sampling" [stack: 0x000000a567700000,0x000000a567800000] [id=14500]

Threads with active compile tasks:

VM state:not at safepoint (normal execution)

VM Mutex/Monitor currently owned by a thread: None

Heap address: 0x0000000607000000, size: 8080 MB, Compressed Oops mode: Zero based, Oop shift amount: 3
Narrow klass base: 0x0000000800000000, Narrow klass shift: 0
Compressed class space size: 1073741824 Address: 0x0000000800000000

Heap:
 garbage-first heap   total 518144K, used 6144K [0x0000000607000000, 0x0000000800000000)
  region size 2048K, 4 young (8192K), 0 survivors (0K)
 Metaspace       used 10274K, capacity 10471K, committed 10752K, reserved 1058816K
  class space    used 912K, capacity 973K, committed 1024K, reserved 1048576K
Heap Regions: E=young(eden), S=young(survivor), O=old, HS=humongous(starts), HC=humongous(continues), CS=collection set, F=free, A=archive, TAMS=top-at-mark-start (previous, next)
|   0|0x0000000607000000, 0x0000000607000000, 0x0000000607200000|  0%| F|  |TAMS 0x0000000607000000, 0x0000000607000000| Untracked 
|   1|0x0000000607200000, 0x0000000607200000, 0x0000000607400000|  0%| F|  |TAMS 0x0000000607200000, 0x0000000607200000| Untracked 
|   2|0x0000000607400000, 0x0000000607400000, 0x0000000607600000|  0%| F|  |TAMS 0x0000000607400000, 0x0000000607400000| Untracked 
|   3|0x0000000607600000, 0x0000000607600000, 0x0000000607800000|  0%| F|  |TAMS 0x0000000607600000, 0x0000000607600000| Untracked 
|   4|0x0000000607800000, 0x0000000607800000, 0x0000000607a00000|  0%| F|  |TAMS 0x0000000607800000, 0x0000000607800000| Untracked 
|   5|0x0000000607a00000, 0x0000000607a00000, 0x0000000607c00000|  0%| F|  |TAMS 0x0000000607a00000, 0x0000000607a00000| Untracked 
|   6|0x0000000607c00000, 0x0000000607c00000, 0x0000000607e00000|  0%| F|  |TAMS 0x0000000607c00000, 0x0000000607c00000| Untracked 
|   7|0x0000000607e00000, 0x0000000607e00000, 0x0000000608000000|  0%| F|  |TAMS 0x0000000607e00000, 0x0000000607e00000| Untracked 
|   8|0x0000000608000000, 0x0000000608000000, 0x0000000608200000|  0%| F|  |TAMS 0x0000000608000000, 0x0000000608000000| Untracked 
|   9|0x0000000608200000, 0x0000000608200000, 0x0000000608400000|  0%| F|  |TAMS 0x0000000608200000, 0x0000000608200000| Untracked 
|  10|0x0000000608400000, 0x0000000608400000, 0x0000000608600000|  0%| F|  |TAMS 0x0000000608400000, 0x0000000608400000| Untracked 
|  11|0x0000000608600000, 0x0000000608600000, 0x0000000608800000|  0%| F|  |TAMS 0x0000000608600000, 0x0000000608600000| Untracked 
|  12|0x0000000608800000, 0x0000000608800000, 0x0000000608a00000|  0%| F|  |TAMS 0x0000000608800000, 0x0000000608800000| Untracked 
|  13|0x0000000608a00000, 0x0000000608a00000, 0x0000000608c00000|  0%| F|  |TAMS 0x0000000608a00000, 0x0000000608a00000| Untracked 
|  14|0x0000000608c00000, 0x0000000608c00000, 0x0000000608e00000|  0%| F|  |TAMS 0x0000000608c00000, 0x0000000608c00000| Untracked 
|  15|0x0000000608e00000, 0x0000000608e00000, 0x0000000609000000|  0%| F|  |TAMS 0x0000000608e00000, 0x0000000608e00000| Untracked 
|  16|0x0000000609000000, 0x0000000609000000, 0x0000000609200000|  0%| F|  |TAMS 0x0000000609000000, 0x0000000609000000| Untracked 
|  17|0x0000000609200000, 0x0000000609200000, 0x0000000609400000|  0%| F|  |TAMS 0x0000000609200000, 0x0000000609200000| Untracked 
|  18|0x0000000609400000, 0x0000000609400000, 0x0000000609600000|  0%| F|  |TAMS 0x0000000609400000, 0x0000000609400000| Untracked 
|  19|0x0000000609600000, 0x0000000609600000, 0x0000000609800000|  0%| F|  |TAMS 0x0000000609600000, 0x0000000609600000| Untracked 
|  20|0x0000000609800000, 0x0000000609800000, 0x0000000609a00000|  0%| F|  |TAMS 0x0000000609800000, 0x0000000609800000| Untracked 
|  21|0x0000000609a00000, 0x0000000609a00000, 0x0000000609c00000|  0%| F|  |TAMS 0x0000000609a00000, 0x0000000609a00000| Untracked 
|  22|0x0000000609c00000, 0x0000000609c00000, 0x0000000609e00000|  0%| F|  |TAMS 0x0000000609c00000, 0x0000000609c00000| Untracked 
|  23|0x0000000609e00000, 0x0000000609e00000, 0x000000060a000000|  0%| F|  |TAMS 0x0000000609e00000, 0x0000000609e00000| Untracked 
|  24|0x000000060a000000, 0x000000060a000000, 0x000000060a200000|  0%| F|  |TAMS 0x000000060a000000, 0x000000060a000000| Untracked 
|  25|0x000000060a200000, 0x000000060a200000, 0x000000060a400000|  0%| F|  |TAMS 0x000000060a200000, 0x000000060a200000| Untracked 
|  26|0x000000060a400000, 0x000000060a400000, 0x000000060a600000|  0%| F|  |TAMS 0x000000060a400000, 0x000000060a400000| Untracked 
|  27|0x000000060a600000, 0x000000060a600000, 0x000000060a800000|  0%| F|  |TAMS 0x000000060a600000, 0x000000060a600000| Untracked 
|  28|0x000000060a800000, 0x000000060a800000, 0x000000060aa00000|  0%| F|  |TAMS 0x000000060a800000, 0x000000060a800000| Untracked 
|  29|0x000000060aa00000, 0x000000060aa00000, 0x000000060ac00000|  0%| F|  |TAMS 0x000000060aa00000, 0x000000060aa00000| Untracked 
|  30|0x000000060ac00000, 0x000000060ac00000, 0x000000060ae00000|  0%| F|  |TAMS 0x000000060ac00000, 0x000000060ac00000| Untracked 
|  31|0x000000060ae00000, 0x000000060ae00000, 0x000000060b000000|  0%| F|  |TAMS 0x000000060ae00000, 0x000000060ae00000| Untracked 
|  32|0x000000060b000000, 0x000000060b000000, 0x000000060b200000|  0%| F|  |TAMS 0x000000060b000000, 0x000000060b000000| Untracked 
|  33|0x000000060b200000, 0x000000060b200000, 0x000000060b400000|  0%| F|  |TAMS 0x000000060b200000, 0x000000060b200000| Untracked 
|  34|0x000000060b400000, 0x000000060b400000, 0x000000060b600000|  0%| F|  |TAMS 0x000000060b400000, 0x000000060b400000| Untracked 
|  35|0x000000060b600000, 0x000000060b600000, 0x000000060b800000|  0%| F|  |TAMS 0x000000060b600000, 0x000000060b600000| Untracked 
|  36|0x000000060b800000, 0x000000060b800000, 0x000000060ba00000|  0%| F|  |TAMS 0x000000060b800000, 0x000000060b800000| Untracked 
|  37|0x000000060ba00000, 0x000000060ba00000, 0x000000060bc00000|  0%| F|  |TAMS 0x000000060ba00000, 0x000000060ba00000| Untracked 
|  38|0x000000060bc00000, 0x000000060bc00000, 0x000000060be00000|  0%| F|  |TAMS 0x000000060bc00000, 0x000000060bc00000| Untracked 
|  39|0x000000060be00000, 0x000000060be00000, 0x000000060c000000|  0%| F|  |TAMS 0x000000060be00000, 0x000000060be00000| Untracked 
|  40|0x000000060c000000, 0x000000060c000000, 0x000000060c200000|  0%| F|  |TAMS 0x000000060c000000, 0x000000060c000000| Untracked 
|  41|0x000000060c200000, 0x000000060c200000, 0x000000060c400000|  0%| F|  |TAMS 0x000000060c200000, 0x000000060c200000| Untracked 
|  42|0x000000060c400000, 0x000000060c400000, 0x000000060c600000|  0%| F|  |TAMS 0x000000060c400000, 0x000000060c400000| Untracked 
|  43|0x000000060c600000, 0x000000060c600000, 0x000000060c800000|  0%| F|  |TAMS 0x000000060c600000, 0x000000060c600000| Untracked 
|  44|0x000000060c800000, 0x000000060c800000, 0x000000060ca00000|  0%| F|  |TAMS 0x000000060c800000, 0x000000060c800000| Untracked 
|  45|0x000000060ca00000, 0x000000060ca00000, 0x000000060cc00000|  0%| F|  |TAMS 0x000000060ca00000, 0x000000060ca00000| Untracked 
|  46|0x000000060cc00000, 0x000000060cc00000, 0x000000060ce00000|  0%| F|  |TAMS 0x000000060cc00000, 0x000000060cc00000| Untracked 
|  47|0x000000060ce00000, 0x000000060ce00000, 0x000000060d000000|  0%| F|  |TAMS 0x000000060ce00000, 0x000000060ce00000| Untracked 
|  48|0x000000060d000000, 0x000000060d000000, 0x000000060d200000|  0%| F|  |TAMS 0x000000060d000000, 0x000000060d000000| Untracked 
|  49|0x000000060d200000, 0x000000060d200000, 0x000000060d400000|  0%| F|  |TAMS 0x000000060d200000, 0x000000060d200000| Untracked 
|  50|0x000000060d400000, 0x000000060d400000, 0x000000060d600000|  0%| F|  |TAMS 0x000000060d400000, 0x000000060d400000| Untracked 
|  51|0x000000060d600000, 0x000000060d600000, 0x000000060d800000|  0%| F|  |TAMS 0x000000060d600000, 0x000000060d600000| Untracked 
|  52|0x000000060d800000, 0x000000060d800000, 0x000000060da00000|  0%| F|  |TAMS 0x000000060d800000, 0x000000060d800000| Untracked 
|  53|0x000000060da00000, 0x000000060da00000, 0x000000060dc00000|  0%| F|  |TAMS 0x000000060da00000, 0x000000060da00000| Untracked 
|  54|0x000000060dc00000, 0x000000060dc00000, 0x000000060de00000|  0%| F|  |TAMS 0x000000060dc00000, 0x000000060dc00000| Untracked 
|  55|0x000000060de00000, 0x000000060de00000, 0x000000060e000000|  0%| F|  |TAMS 0x000000060de00000, 0x000000060de00000| Untracked 
|  56|0x000000060e000000, 0x000000060e000000, 0x000000060e200000|  0%| F|  |TAMS 0x000000060e000000, 0x000000060e000000| Untracked 
|  57|0x000000060e200000, 0x000000060e200000, 0x000000060e400000|  0%| F|  |TAMS 0x000000060e200000, 0x000000060e200000| Untracked 
|  58|0x000000060e400000, 0x000000060e400000, 0x000000060e600000|  0%| F|  |TAMS 0x000000060e400000, 0x000000060e400000| Untracked 
|  59|0x000000060e600000, 0x000000060e600000, 0x000000060e800000|  0%| F|  |TAMS 0x000000060e600000, 0x000000060e600000| Untracked 
|  60|0x000000060e800000, 0x000000060e800000, 0x000000060ea00000|  0%| F|  |TAMS 0x000000060e800000, 0x000000060e800000| Untracked 
|  61|0x000000060ea00000, 0x000000060ea00000, 0x000000060ec00000|  0%| F|  |TAMS 0x000000060ea00000, 0x000000060ea00000| Untracked 
|  62|0x000000060ec00000, 0x000000060ec00000, 0x000000060ee00000|  0%| F|  |TAMS 0x000000060ec00000, 0x000000060ec00000| Untracked 
|  63|0x000000060ee00000, 0x000000060ee00000, 0x000000060f000000|  0%| F|  |TAMS 0x000000060ee00000, 0x000000060ee00000| Untracked 
|  64|0x000000060f000000, 0x000000060f000000, 0x000000060f200000|  0%| F|  |TAMS 0x000000060f000000, 0x000000060f000000| Untracked 
|  65|0x000000060f200000, 0x000000060f200000, 0x000000060f400000|  0%| F|  |TAMS 0x000000060f200000, 0x000000060f200000| Untracked 
|  66|0x000000060f400000, 0x000000060f400000, 0x000000060f600000|  0%| F|  |TAMS 0x000000060f400000, 0x000000060f400000| Untracked 
|  67|0x000000060f600000, 0x000000060f600000, 0x000000060f800000|  0%| F|  |TAMS 0x000000060f600000, 0x000000060f600000| Untracked 
|  68|0x000000060f800000, 0x000000060f800000, 0x000000060fa00000|  0%| F|  |TAMS 0x000000060f800000, 0x000000060f800000| Untracked 
|  69|0x000000060fa00000, 0x000000060fa00000, 0x000000060fc00000|  0%| F|  |TAMS 0x000000060fa00000, 0x000000060fa00000| Untracked 
|  70|0x000000060fc00000, 0x000000060fc00000, 0x000000060fe00000|  0%| F|  |TAMS 0x000000060fc00000, 0x000000060fc00000| Untracked 
|  71|0x000000060fe00000, 0x000000060fe00000, 0x0000000610000000|  0%| F|  |TAMS 0x000000060fe00000, 0x000000060fe00000| Untracked 
|  72|0x0000000610000000, 0x0000000610000000, 0x0000000610200000|  0%| F|  |TAMS 0x0000000610000000, 0x0000000610000000| Untracked 
|  73|0x0000000610200000, 0x0000000610200000, 0x0000000610400000|  0%| F|  |TAMS 0x0000000610200000, 0x0000000610200000| Untracked 
|  74|0x0000000610400000, 0x0000000610400000, 0x0000000610600000|  0%| F|  |TAMS 0x0000000610400000, 0x0000000610400000| Untracked 
|  75|0x0000000610600000, 0x0000000610600000, 0x0000000610800000|  0%| F|  |TAMS 0x0000000610600000, 0x0000000610600000| Untracked 
|  76|0x0000000610800000, 0x0000000610800000, 0x0000000610a00000|  0%| F|  |TAMS 0x0000000610800000, 0x0000000610800000| Untracked 
|  77|0x0000000610a00000, 0x0000000610a00000, 0x0000000610c00000|  0%| F|  |TAMS 0x0000000610a00000, 0x0000000610a00000| Untracked 
|  78|0x0000000610c00000, 0x0000000610c00000, 0x0000000610e00000|  0%| F|  |TAMS 0x0000000610c00000, 0x0000000610c00000| Untracked 
|  79|0x0000000610e00000, 0x0000000610e00000, 0x0000000611000000|  0%| F|  |TAMS 0x0000000610e00000, 0x0000000610e00000| Untracked 
|  80|0x0000000611000000, 0x0000000611000000, 0x0000000611200000|  0%| F|  |TAMS 0x0000000611000000, 0x0000000611000000| Untracked 
|  81|0x0000000611200000, 0x0000000611200000, 0x0000000611400000|  0%| F|  |TAMS 0x0000000611200000, 0x0000000611200000| Untracked 
|  82|0x0000000611400000, 0x0000000611400000, 0x0000000611600000|  0%| F|  |TAMS 0x0000000611400000, 0x0000000611400000| Untracked 
|  83|0x0000000611600000, 0x0000000611600000, 0x0000000611800000|  0%| F|  |TAMS 0x0000000611600000, 0x0000000611600000| Untracked 
|  84|0x0000000611800000, 0x0000000611800000, 0x0000000611a00000|  0%| F|  |TAMS 0x0000000611800000, 0x0000000611800000| Untracked 
|  85|0x0000000611a00000, 0x0000000611a00000, 0x0000000611c00000|  0%| F|  |TAMS 0x0000000611a00000, 0x0000000611a00000| Untracked 
|  86|0x0000000611c00000, 0x0000000611c00000, 0x0000000611e00000|  0%| F|  |TAMS 0x0000000611c00000, 0x0000000611c00000| Untracked 
|  87|0x0000000611e00000, 0x0000000611e00000, 0x0000000612000000|  0%| F|  |TAMS 0x0000000611e00000, 0x0000000611e00000| Untracked 
|  88|0x0000000612000000, 0x0000000612000000, 0x0000000612200000|  0%| F|  |TAMS 0x0000000612000000, 0x0000000612000000| Untracked 
|  89|0x0000000612200000, 0x0000000612200000, 0x0000000612400000|  0%| F|  |TAMS 0x0000000612200000, 0x0000000612200000| Untracked 
|  90|0x0000000612400000, 0x0000000612400000, 0x0000000612600000|  0%| F|  |TAMS 0x0000000612400000, 0x0000000612400000| Untracked 
|  91|0x0000000612600000, 0x0000000612600000, 0x0000000612800000|  0%| F|  |TAMS 0x0000000612600000, 0x0000000612600000| Untracked 
|  92|0x0000000612800000, 0x0000000612800000, 0x0000000612a00000|  0%| F|  |TAMS 0x0000000612800000, 0x0000000612800000| Untracked 
|  93|0x0000000612a00000, 0x0000000612a00000, 0x0000000612c00000|  0%| F|  |TAMS 0x0000000612a00000, 0x0000000612a00000| Untracked 
|  94|0x0000000612c00000, 0x0000000612c00000, 0x0000000612e00000|  0%| F|  |TAMS 0x0000000612c00000, 0x0000000612c00000| Untracked 
|  95|0x0000000612e00000, 0x0000000612e00000, 0x0000000613000000|  0%| F|  |TAMS 0x0000000612e00000, 0x0000000612e00000| Untracked 
|  96|0x0000000613000000, 0x0000000613000000, 0x0000000613200000|  0%| F|  |TAMS 0x0000000613000000, 0x0000000613000000| Untracked 
|  97|0x0000000613200000, 0x0000000613200000, 0x0000000613400000|  0%| F|  |TAMS 0x0000000613200000, 0x0000000613200000| Untracked 
|  98|0x0000000613400000, 0x0000000613400000, 0x0000000613600000|  0%| F|  |TAMS 0x0000000613400000, 0x0000000613400000| Untracked 
|  99|0x0000000613600000, 0x0000000613600000, 0x0000000613800000|  0%| F|  |TAMS 0x0000000613600000, 0x0000000613600000| Untracked 
| 100|0x0000000613800000, 0x0000000613800000, 0x0000000613a00000|  0%| F|  |TAMS 0x0000000613800000, 0x0000000613800000| Untracked 
| 101|0x0000000613a00000, 0x0000000613a00000, 0x0000000613c00000|  0%| F|  |TAMS 0x0000000613a00000, 0x0000000613a00000| Untracked 
| 102|0x0000000613c00000, 0x0000000613c00000, 0x0000000613e00000|  0%| F|  |TAMS 0x0000000613c00000, 0x0000000613c00000| Untracked 
| 103|0x0000000613e00000, 0x0000000613e00000, 0x0000000614000000|  0%| F|  |TAMS 0x0000000613e00000, 0x0000000613e00000| Untracked 
| 104|0x0000000614000000, 0x0000000614000000, 0x0000000614200000|  0%| F|  |TAMS 0x0000000614000000, 0x0000000614000000| Untracked 
| 105|0x0000000614200000, 0x0000000614200000, 0x0000000614400000|  0%| F|  |TAMS 0x0000000614200000, 0x0000000614200000| Untracked 
| 106|0x0000000614400000, 0x0000000614400000, 0x0000000614600000|  0%| F|  |TAMS 0x0000000614400000, 0x0000000614400000| Untracked 
| 107|0x0000000614600000, 0x0000000614600000, 0x0000000614800000|  0%| F|  |TAMS 0x0000000614600000, 0x0000000614600000| Untracked 
| 108|0x0000000614800000, 0x0000000614800000, 0x0000000614a00000|  0%| F|  |TAMS 0x0000000614800000, 0x0000000614800000| Untracked 
| 109|0x0000000614a00000, 0x0000000614a00000, 0x0000000614c00000|  0%| F|  |TAMS 0x0000000614a00000, 0x0000000614a00000| Untracked 
| 110|0x0000000614c00000, 0x0000000614c00000, 0x0000000614e00000|  0%| F|  |TAMS 0x0000000614c00000, 0x0000000614c00000| Untracked 
| 111|0x0000000614e00000, 0x0000000614e00000, 0x0000000615000000|  0%| F|  |TAMS 0x0000000614e00000, 0x0000000614e00000| Untracked 
| 112|0x0000000615000000, 0x0000000615000000, 0x0000000615200000|  0%| F|  |TAMS 0x0000000615000000, 0x0000000615000000| Untracked 
| 113|0x0000000615200000, 0x0000000615200000, 0x0000000615400000|  0%| F|  |TAMS 0x0000000615200000, 0x0000000615200000| Untracked 
| 114|0x0000000615400000, 0x0000000615400000, 0x0000000615600000|  0%| F|  |TAMS 0x0000000615400000, 0x0000000615400000| Untracked 
| 115|0x0000000615600000, 0x0000000615600000, 0x0000000615800000|  0%| F|  |TAMS 0x0000000615600000, 0x0000000615600000| Untracked 
| 116|0x0000000615800000, 0x0000000615800000, 0x0000000615a00000|  0%| F|  |TAMS 0x0000000615800000, 0x0000000615800000| Untracked 
| 117|0x0000000615a00000, 0x0000000615a00000, 0x0000000615c00000|  0%| F|  |TAMS 0x0000000615a00000, 0x0000000615a00000| Untracked 
| 118|0x0000000615c00000, 0x0000000615c00000, 0x0000000615e00000|  0%| F|  |TAMS 0x0000000615c00000, 0x0000000615c00000| Untracked 
| 119|0x0000000615e00000, 0x0000000615e00000, 0x0000000616000000|  0%| F|  |TAMS 0x0000000615e00000, 0x0000000615e00000| Untracked 
| 120|0x0000000616000000, 0x0000000616000000, 0x0000000616200000|  0%| F|  |TAMS 0x0000000616000000, 0x0000000616000000| Untracked 
| 121|0x0000000616200000, 0x0000000616200000, 0x0000000616400000|  0%| F|  |TAMS 0x0000000616200000, 0x0000000616200000| Untracked 
| 122|0x0000000616400000, 0x0000000616400000, 0x0000000616600000|  0%| F|  |TAMS 0x0000000616400000, 0x0000000616400000| Untracked 
| 123|0x0000000616600000, 0x0000000616600000, 0x0000000616800000|  0%| F|  |TAMS 0x0000000616600000, 0x0000000616600000| Untracked 
| 124|0x0000000616800000, 0x0000000616800000, 0x0000000616a00000|  0%| F|  |TAMS 0x0000000616800000, 0x0000000616800000| Untracked 
| 125|0x0000000616a00000, 0x0000000616a00000, 0x0000000616c00000|  0%| F|  |TAMS 0x0000000616a00000, 0x0000000616a00000| Untracked 
| 126|0x0000000616c00000, 0x0000000616c00000, 0x0000000616e00000|  0%| F|  |TAMS 0x0000000616c00000, 0x0000000616c00000| Untracked 
| 127|0x0000000616e00000, 0x0000000616e00000, 0x0000000617000000|  0%| F|  |TAMS 0x0000000616e00000, 0x0000000616e00000| Untracked 
| 128|0x0000000617000000, 0x0000000617000000, 0x0000000617200000|  0%| F|  |TAMS 0x0000000617000000, 0x0000000617000000| Untracked 
| 129|0x0000000617200000, 0x0000000617200000, 0x0000000617400000|  0%| F|  |TAMS 0x0000000617200000, 0x0000000617200000| Untracked 
| 130|0x0000000617400000, 0x0000000617400000, 0x0000000617600000|  0%| F|  |TAMS 0x0000000617400000, 0x0000000617400000| Untracked 
| 131|0x0000000617600000, 0x0000000617600000, 0x0000000617800000|  0%| F|  |TAMS 0x0000000617600000, 0x0000000617600000| Untracked 
| 132|0x0000000617800000, 0x0000000617800000, 0x0000000617a00000|  0%| F|  |TAMS 0x0000000617800000, 0x0000000617800000| Untracked 
| 133|0x0000000617a00000, 0x0000000617a00000, 0x0000000617c00000|  0%| F|  |TAMS 0x0000000617a00000, 0x0000000617a00000| Untracked 
| 134|0x0000000617c00000, 0x0000000617c00000, 0x0000000617e00000|  0%| F|  |TAMS 0x0000000617c00000, 0x0000000617c00000| Untracked 
| 135|0x0000000617e00000, 0x0000000617e00000, 0x0000000618000000|  0%| F|  |TAMS 0x0000000617e00000, 0x0000000617e00000| Untracked 
| 136|0x0000000618000000, 0x0000000618000000, 0x0000000618200000|  0%| F|  |TAMS 0x0000000618000000, 0x0000000618000000| Untracked 
| 137|0x0000000618200000, 0x0000000618200000, 0x0000000618400000|  0%| F|  |TAMS 0x0000000618200000, 0x0000000618200000| Untracked 
| 138|0x0000000618400000, 0x0000000618400000, 0x0000000618600000|  0%| F|  |TAMS 0x0000000618400000, 0x0000000618400000| Untracked 
| 139|0x0000000618600000, 0x0000000618600000, 0x0000000618800000|  0%| F|  |TAMS 0x0000000618600000, 0x0000000618600000| Untracked 
| 140|0x0000000618800000, 0x0000000618800000, 0x0000000618a00000|  0%| F|  |TAMS 0x0000000618800000, 0x0000000618800000| Untracked 
| 141|0x0000000618a00000, 0x0000000618a00000, 0x0000000618c00000|  0%| F|  |TAMS 0x0000000618a00000, 0x0000000618a00000| Untracked 
| 142|0x0000000618c00000, 0x0000000618c00000, 0x0000000618e00000|  0%| F|  |TAMS 0x0000000618c00000, 0x0000000618c00000| Untracked 
| 143|0x0000000618e00000, 0x0000000618e00000, 0x0000000619000000|  0%| F|  |TAMS 0x0000000618e00000, 0x0000000618e00000| Untracked 
| 144|0x0000000619000000, 0x0000000619000000, 0x0000000619200000|  0%| F|  |TAMS 0x0000000619000000, 0x0000000619000000| Untracked 
| 145|0x0000000619200000, 0x0000000619200000, 0x0000000619400000|  0%| F|  |TAMS 0x0000000619200000, 0x0000000619200000| Untracked 
| 146|0x0000000619400000, 0x0000000619400000, 0x0000000619600000|  0%| F|  |TAMS 0x0000000619400000, 0x0000000619400000| Untracked 
| 147|0x0000000619600000, 0x0000000619600000, 0x0000000619800000|  0%| F|  |TAMS 0x0000000619600000, 0x0000000619600000| Untracked 
| 148|0x0000000619800000, 0x0000000619800000, 0x0000000619a00000|  0%| F|  |TAMS 0x0000000619800000, 0x0000000619800000| Untracked 
| 149|0x0000000619a00000, 0x0000000619a00000, 0x0000000619c00000|  0%| F|  |TAMS 0x0000000619a00000, 0x0000000619a00000| Untracked 
| 150|0x0000000619c00000, 0x0000000619c00000, 0x0000000619e00000|  0%| F|  |TAMS 0x0000000619c00000, 0x0000000619c00000| Untracked 
| 151|0x0000000619e00000, 0x0000000619e00000, 0x000000061a000000|  0%| F|  |TAMS 0x0000000619e00000, 0x0000000619e00000| Untracked 
| 152|0x000000061a000000, 0x000000061a000000, 0x000000061a200000|  0%| F|  |TAMS 0x000000061a000000, 0x000000061a000000| Untracked 
| 153|0x000000061a200000, 0x000000061a200000, 0x000000061a400000|  0%| F|  |TAMS 0x000000061a200000, 0x000000061a200000| Untracked 
| 154|0x000000061a400000, 0x000000061a400000, 0x000000061a600000|  0%| F|  |TAMS 0x000000061a400000, 0x000000061a400000| Untracked 
| 155|0x000000061a600000, 0x000000061a600000, 0x000000061a800000|  0%| F|  |TAMS 0x000000061a600000, 0x000000061a600000| Untracked 
| 156|0x000000061a800000, 0x000000061a800000, 0x000000061aa00000|  0%| F|  |TAMS 0x000000061a800000, 0x000000061a800000| Untracked 
| 157|0x000000061aa00000, 0x000000061aa00000, 0x000000061ac00000|  0%| F|  |TAMS 0x000000061aa00000, 0x000000061aa00000| Untracked 
| 158|0x000000061ac00000, 0x000000061ac00000, 0x000000061ae00000|  0%| F|  |TAMS 0x000000061ac00000, 0x000000061ac00000| Untracked 
| 159|0x000000061ae00000, 0x000000061ae00000, 0x000000061b000000|  0%| F|  |TAMS 0x000000061ae00000, 0x000000061ae00000| Untracked 
| 160|0x000000061b000000, 0x000000061b000000, 0x000000061b200000|  0%| F|  |TAMS 0x000000061b000000, 0x000000061b000000| Untracked 
| 161|0x000000061b200000, 0x000000061b200000, 0x000000061b400000|  0%| F|  |TAMS 0x000000061b200000, 0x000000061b200000| Untracked 
| 162|0x000000061b400000, 0x000000061b400000, 0x000000061b600000|  0%| F|  |TAMS 0x000000061b400000, 0x000000061b400000| Untracked 
| 163|0x000000061b600000, 0x000000061b600000, 0x000000061b800000|  0%| F|  |TAMS 0x000000061b600000, 0x000000061b600000| Untracked 
| 164|0x000000061b800000, 0x000000061b800000, 0x000000061ba00000|  0%| F|  |TAMS 0x000000061b800000, 0x000000061b800000| Untracked 
| 165|0x000000061ba00000, 0x000000061ba00000, 0x000000061bc00000|  0%| F|  |TAMS 0x000000061ba00000, 0x000000061ba00000| Untracked 
| 166|0x000000061bc00000, 0x000000061bc00000, 0x000000061be00000|  0%| F|  |TAMS 0x000000061bc00000, 0x000000061bc00000| Untracked 
| 167|0x000000061be00000, 0x000000061be00000, 0x000000061c000000|  0%| F|  |TAMS 0x000000061be00000, 0x000000061be00000| Untracked 
| 168|0x000000061c000000, 0x000000061c000000, 0x000000061c200000|  0%| F|  |TAMS 0x000000061c000000, 0x000000061c000000| Untracked 
| 169|0x000000061c200000, 0x000000061c200000, 0x000000061c400000|  0%| F|  |TAMS 0x000000061c200000, 0x000000061c200000| Untracked 
| 170|0x000000061c400000, 0x000000061c400000, 0x000000061c600000|  0%| F|  |TAMS 0x000000061c400000, 0x000000061c400000| Untracked 
| 171|0x000000061c600000, 0x000000061c600000, 0x000000061c800000|  0%| F|  |TAMS 0x000000061c600000, 0x000000061c600000| Untracked 
| 172|0x000000061c800000, 0x000000061c800000, 0x000000061ca00000|  0%| F|  |TAMS 0x000000061c800000, 0x000000061c800000| Untracked 
| 173|0x000000061ca00000, 0x000000061ca00000, 0x000000061cc00000|  0%| F|  |TAMS 0x000000061ca00000, 0x000000061ca00000| Untracked 
| 174|0x000000061cc00000, 0x000000061cc00000, 0x000000061ce00000|  0%| F|  |TAMS 0x000000061cc00000, 0x000000061cc00000| Untracked 
| 175|0x000000061ce00000, 0x000000061ce00000, 0x000000061d000000|  0%| F|  |TAMS 0x000000061ce00000, 0x000000061ce00000| Untracked 
| 176|0x000000061d000000, 0x000000061d000000, 0x000000061d200000|  0%| F|  |TAMS 0x000000061d000000, 0x000000061d000000| Untracked 
| 177|0x000000061d200000, 0x000000061d200000, 0x000000061d400000|  0%| F|  |TAMS 0x000000061d200000, 0x000000061d200000| Untracked 
| 178|0x000000061d400000, 0x000000061d400000, 0x000000061d600000|  0%| F|  |TAMS 0x000000061d400000, 0x000000061d400000| Untracked 
| 179|0x000000061d600000, 0x000000061d600000, 0x000000061d800000|  0%| F|  |TAMS 0x000000061d600000, 0x000000061d600000| Untracked 
| 180|0x000000061d800000, 0x000000061d800000, 0x000000061da00000|  0%| F|  |TAMS 0x000000061d800000, 0x000000061d800000| Untracked 
| 181|0x000000061da00000, 0x000000061da00000, 0x000000061dc00000|  0%| F|  |TAMS 0x000000061da00000, 0x000000061da00000| Untracked 
| 182|0x000000061dc00000, 0x000000061dc00000, 0x000000061de00000|  0%| F|  |TAMS 0x000000061dc00000, 0x000000061dc00000| Untracked 
| 183|0x000000061de00000, 0x000000061de00000, 0x000000061e000000|  0%| F|  |TAMS 0x000000061de00000, 0x000000061de00000| Untracked 
| 184|0x000000061e000000, 0x000000061e000000, 0x000000061e200000|  0%| F|  |TAMS 0x000000061e000000, 0x000000061e000000| Untracked 
| 185|0x000000061e200000, 0x000000061e200000, 0x000000061e400000|  0%| F|  |TAMS 0x000000061e200000, 0x000000061e200000| Untracked 
| 186|0x000000061e400000, 0x000000061e400000, 0x000000061e600000|  0%| F|  |TAMS 0x000000061e400000, 0x000000061e400000| Untracked 
| 187|0x000000061e600000, 0x000000061e600000, 0x000000061e800000|  0%| F|  |TAMS 0x000000061e600000, 0x000000061e600000| Untracked 
| 188|0x000000061e800000, 0x000000061e800000, 0x000000061ea00000|  0%| F|  |TAMS 0x000000061e800000, 0x000000061e800000| Untracked 
| 189|0x000000061ea00000, 0x000000061ea00000, 0x000000061ec00000|  0%| F|  |TAMS 0x000000061ea00000, 0x000000061ea00000| Untracked 
| 190|0x000000061ec00000, 0x000000061ec00000, 0x000000061ee00000|  0%| F|  |TAMS 0x000000061ec00000, 0x000000061ec00000| Untracked 
| 191|0x000000061ee00000, 0x000000061ee00000, 0x000000061f000000|  0%| F|  |TAMS 0x000000061ee00000, 0x000000061ee00000| Untracked 
| 192|0x000000061f000000, 0x000000061f000000, 0x000000061f200000|  0%| F|  |TAMS 0x000000061f000000, 0x000000061f000000| Untracked 
| 193|0x000000061f200000, 0x000000061f200000, 0x000000061f400000|  0%| F|  |TAMS 0x000000061f200000, 0x000000061f200000| Untracked 
| 194|0x000000061f400000, 0x000000061f400000, 0x000000061f600000|  0%| F|  |TAMS 0x000000061f400000, 0x000000061f400000| Untracked 
| 195|0x000000061f600000, 0x000000061f600000, 0x000000061f800000|  0%| F|  |TAMS 0x000000061f600000, 0x000000061f600000| Untracked 
| 196|0x000000061f800000, 0x000000061f800000, 0x000000061fa00000|  0%| F|  |TAMS 0x000000061f800000, 0x000000061f800000| Untracked 
| 197|0x000000061fa00000, 0x000000061fa00000, 0x000000061fc00000|  0%| F|  |TAMS 0x000000061fa00000, 0x000000061fa00000| Untracked 
| 198|0x000000061fc00000, 0x000000061fc00000, 0x000000061fe00000|  0%| F|  |TAMS 0x000000061fc00000, 0x000000061fc00000| Untracked 
| 199|0x000000061fe00000, 0x000000061fe00000, 0x0000000620000000|  0%| F|  |TAMS 0x000000061fe00000, 0x000000061fe00000| Untracked 
| 200|0x0000000620000000, 0x0000000620000000, 0x0000000620200000|  0%| F|  |TAMS 0x0000000620000000, 0x0000000620000000| Untracked 
| 201|0x0000000620200000, 0x0000000620200000, 0x0000000620400000|  0%| F|  |TAMS 0x0000000620200000, 0x0000000620200000| Untracked 
| 202|0x0000000620400000, 0x0000000620400000, 0x0000000620600000|  0%| F|  |TAMS 0x0000000620400000, 0x0000000620400000| Untracked 
| 203|0x0000000620600000, 0x0000000620600000, 0x0000000620800000|  0%| F|  |TAMS 0x0000000620600000, 0x0000000620600000| Untracked 
| 204|0x0000000620800000, 0x0000000620800000, 0x0000000620a00000|  0%| F|  |TAMS 0x0000000620800000, 0x0000000620800000| Untracked 
| 205|0x0000000620a00000, 0x0000000620a00000, 0x0000000620c00000|  0%| F|  |TAMS 0x0000000620a00000, 0x0000000620a00000| Untracked 
| 206|0x0000000620c00000, 0x0000000620c00000, 0x0000000620e00000|  0%| F|  |TAMS 0x0000000620c00000, 0x0000000620c00000| Untracked 
| 207|0x0000000620e00000, 0x0000000620e00000, 0x0000000621000000|  0%| F|  |TAMS 0x0000000620e00000, 0x0000000620e00000| Untracked 
| 208|0x0000000621000000, 0x0000000621000000, 0x0000000621200000|  0%| F|  |TAMS 0x0000000621000000, 0x0000000621000000| Untracked 
| 209|0x0000000621200000, 0x0000000621200000, 0x0000000621400000|  0%| F|  |TAMS 0x0000000621200000, 0x0000000621200000| Untracked 
| 210|0x0000000621400000, 0x0000000621400000, 0x0000000621600000|  0%| F|  |TAMS 0x0000000621400000, 0x0000000621400000| Untracked 
| 211|0x0000000621600000, 0x0000000621600000, 0x0000000621800000|  0%| F|  |TAMS 0x0000000621600000, 0x0000000621600000| Untracked 
| 212|0x0000000621800000, 0x0000000621800000, 0x0000000621a00000|  0%| F|  |TAMS 0x0000000621800000, 0x0000000621800000| Untracked 
| 213|0x0000000621a00000, 0x0000000621a00000, 0x0000000621c00000|  0%| F|  |TAMS 0x0000000621a00000, 0x0000000621a00000| Untracked 
| 214|0x0000000621c00000, 0x0000000621c00000, 0x0000000621e00000|  0%| F|  |TAMS 0x0000000621c00000, 0x0000000621c00000| Untracked 
| 215|0x0000000621e00000, 0x0000000621e00000, 0x0000000622000000|  0%| F|  |TAMS 0x0000000621e00000, 0x0000000621e00000| Untracked 
| 216|0x0000000622000000, 0x0000000622000000, 0x0000000622200000|  0%| F|  |TAMS 0x0000000622000000, 0x0000000622000000| Untracked 
| 217|0x0000000622200000, 0x0000000622200000, 0x0000000622400000|  0%| F|  |TAMS 0x0000000622200000, 0x0000000622200000| Untracked 
| 218|0x0000000622400000, 0x0000000622400000, 0x0000000622600000|  0%| F|  |TAMS 0x0000000622400000, 0x0000000622400000| Untracked 
| 219|0x0000000622600000, 0x0000000622600000, 0x0000000622800000|  0%| F|  |TAMS 0x0000000622600000, 0x0000000622600000| Untracked 
| 220|0x0000000622800000, 0x0000000622800000, 0x0000000622a00000|  0%| F|  |TAMS 0x0000000622800000, 0x0000000622800000| Untracked 
| 221|0x0000000622a00000, 0x0000000622a00000, 0x0000000622c00000|  0%| F|  |TAMS 0x0000000622a00000, 0x0000000622a00000| Untracked 
| 222|0x0000000622c00000, 0x0000000622c00000, 0x0000000622e00000|  0%| F|  |TAMS 0x0000000622c00000, 0x0000000622c00000| Untracked 
| 223|0x0000000622e00000, 0x0000000622e00000, 0x0000000623000000|  0%| F|  |TAMS 0x0000000622e00000, 0x0000000622e00000| Untracked 
| 224|0x0000000623000000, 0x0000000623000000, 0x0000000623200000|  0%| F|  |TAMS 0x0000000623000000, 0x0000000623000000| Untracked 
| 225|0x0000000623200000, 0x0000000623200000, 0x0000000623400000|  0%| F|  |TAMS 0x0000000623200000, 0x0000000623200000| Untracked 
| 226|0x0000000623400000, 0x0000000623400000, 0x0000000623600000|  0%| F|  |TAMS 0x0000000623400000, 0x0000000623400000| Untracked 
| 227|0x0000000623600000, 0x0000000623600000, 0x0000000623800000|  0%| F|  |TAMS 0x0000000623600000, 0x0000000623600000| Untracked 
| 228|0x0000000623800000, 0x0000000623800000, 0x0000000623a00000|  0%| F|  |TAMS 0x0000000623800000, 0x0000000623800000| Untracked 
| 229|0x0000000623a00000, 0x0000000623a00000, 0x0000000623c00000|  0%| F|  |TAMS 0x0000000623a00000, 0x0000000623a00000| Untracked 
| 230|0x0000000623c00000, 0x0000000623c00000, 0x0000000623e00000|  0%| F|  |TAMS 0x0000000623c00000, 0x0000000623c00000| Untracked 
| 231|0x0000000623e00000, 0x0000000623e00000, 0x0000000624000000|  0%| F|  |TAMS 0x0000000623e00000, 0x0000000623e00000| Untracked 
| 232|0x0000000624000000, 0x0000000624000000, 0x0000000624200000|  0%| F|  |TAMS 0x0000000624000000, 0x0000000624000000| Untracked 
| 233|0x0000000624200000, 0x0000000624200000, 0x0000000624400000|  0%| F|  |TAMS 0x0000000624200000, 0x0000000624200000| Untracked 
| 234|0x0000000624400000, 0x0000000624400000, 0x0000000624600000|  0%| F|  |TAMS 0x0000000624400000, 0x0000000624400000| Untracked 
| 235|0x0000000624600000, 0x0000000624600000, 0x0000000624800000|  0%| F|  |TAMS 0x0000000624600000, 0x0000000624600000| Untracked 
| 236|0x0000000624800000, 0x0000000624800000, 0x0000000624a00000|  0%| F|  |TAMS 0x0000000624800000, 0x0000000624800000| Untracked 
| 237|0x0000000624a00000, 0x0000000624a00000, 0x0000000624c00000|  0%| F|  |TAMS 0x0000000624a00000, 0x0000000624a00000| Untracked 
| 238|0x0000000624c00000, 0x0000000624c00000, 0x0000000624e00000|  0%| F|  |TAMS 0x0000000624c00000, 0x0000000624c00000| Untracked 
| 239|0x0000000624e00000, 0x0000000624e00000, 0x0000000625000000|  0%| F|  |TAMS 0x0000000624e00000, 0x0000000624e00000| Untracked 
| 240|0x0000000625000000, 0x0000000625000000, 0x0000000625200000|  0%| F|  |TAMS 0x0000000625000000, 0x0000000625000000| Untracked 
| 241|0x0000000625200000, 0x0000000625200000, 0x0000000625400000|  0%| F|  |TAMS 0x0000000625200000, 0x0000000625200000| Untracked 
| 242|0x0000000625400000, 0x0000000625400000, 0x0000000625600000|  0%| F|  |TAMS 0x0000000625400000, 0x0000000625400000| Untracked 
| 243|0x0000000625600000, 0x0000000625600000, 0x0000000625800000|  0%| F|  |TAMS 0x0000000625600000, 0x0000000625600000| Untracked 
| 244|0x0000000625800000, 0x0000000625800000, 0x0000000625a00000|  0%| F|  |TAMS 0x0000000625800000, 0x0000000625800000| Untracked 
| 245|0x0000000625a00000, 0x0000000625a00000, 0x0000000625c00000|  0%| F|  |TAMS 0x0000000625a00000, 0x0000000625a00000| Untracked 
| 246|0x0000000625c00000, 0x0000000625c00000, 0x0000000625e00000|  0%| F|  |TAMS 0x0000000625c00000, 0x0000000625c00000| Untracked 
| 247|0x0000000625e00000, 0x0000000625e00000, 0x0000000626000000|  0%| F|  |TAMS 0x0000000625e00000, 0x0000000625e00000| Untracked 
| 248|0x0000000626000000, 0x0000000626000000, 0x0000000626200000|  0%| F|  |TAMS 0x0000000626000000, 0x0000000626000000| Untracked 
| 249|0x0000000626200000, 0x000000062628c4d0, 0x0000000626400000| 27%| E|  |TAMS 0x0000000626200000, 0x0000000626200000| Complete 
| 250|0x0000000626400000, 0x0000000626600000, 0x0000000626600000|100%| E|CS|TAMS 0x0000000626400000, 0x0000000626400000| Complete 
| 251|0x0000000626600000, 0x0000000626800000, 0x0000000626800000|100%| E|CS|TAMS 0x0000000626600000, 0x0000000626600000| Complete 
| 252|0x0000000626800000, 0x0000000626a00000, 0x0000000626a00000|100%| E|CS|TAMS 0x0000000626800000, 0x0000000626800000| Complete 

Card table byte_map: [0x00000221cf210000,0x00000221d01e0000] _byte_map_base: 0x00000221cc1d8000

Marking Bits (Prev, Next): (CMBitMap*) 0x00000221b6294598, (CMBitMap*) 0x00000221b62945d0
 Prev Bits: [0x00000221d11b0000, 0x00000221d8ff0000)
 Next Bits: [0x00000221d8ff0000, 0x00000221e0e30000)

Polling page: 0x00000221b4200000

Metaspace:

Usage:
  Non-class:      9.28 MB capacity,     9.14 MB ( 99%) used,   126.90 KB (  1%) free+waste,     8.81 KB ( <1%) overhead. 
      Class:    973.00 KB capacity,   912.53 KB ( 94%) used,    57.09 KB (  6%) free+waste,     3.38 KB ( <1%) overhead. 
       Both:     10.23 MB capacity,    10.03 MB ( 98%) used,   183.99 KB (  2%) free+waste,    12.19 KB ( <1%) overhead. 

Virtual space:
  Non-class space:       10.00 MB reserved,       9.50 MB ( 95%) committed 
      Class space:        1.00 GB reserved,       1.00 MB ( <1%) committed 
             Both:        1.01 GB reserved,      10.50 MB (  1%) committed 

Chunk freelists:
   Non-Class:  38.00 KB
       Class:  19.00 KB
        Both:  57.00 KB

MaxMetaspaceSize: 17179869184.00 GB
CompressedClassSpaceSize: 1.00 GB
Initial GC threshold: 20.80 MB
Current GC threshold: 20.80 MB
CDS: off

CodeHeap 'non-profiled nmethods': size=119168Kb used=149Kb max_used=149Kb free=119019Kb
 bounds [0x00000221c6540000, 0x00000221c67b0000, 0x00000221cd9a0000]
CodeHeap 'profiled nmethods': size=119168Kb used=803Kb max_used=803Kb free=118364Kb
 bounds [0x00000221bf0e0000, 0x00000221bf350000, 0x00000221c6540000]
CodeHeap 'non-nmethods': size=7424Kb used=2253Kb max_used=2266Kb free=5170Kb
 bounds [0x00000221be9a0000, 0x00000221bec10000, 0x00000221bf0e0000]
 total_blobs=901 nmethods=520 adapters=292
 compilation: enabled
              stopped_count=0, restarted_count=0
 full_count=0

Compilation events (20 events):
Event: 0.165 Thread 0x00000221e4af8000 nmethod 510 0x00000221bf1a5690 code [0x00000221bf1a5860, 0x00000221bf1a5af8]
Event: 0.166 Thread 0x00000221e4b41800  511       4       java.lang.String::checkBoundsBeginEnd (60 bytes)
Event: 0.166 Thread 0x00000221e4974800  512       3       java.lang.String::toLowerCase (29 bytes)
Event: 0.166 Thread 0x00000221e4974800 nmethod 512 0x00000221bf1a5c10 code [0x00000221bf1a5de0, 0x00000221bf1a6098]
Event: 0.166 Thread 0x00000221e4b41800 nmethod 511 0x00000221c6564410 code [0x00000221c65645a0, 0x00000221c6564638]
Event: 0.166 Thread 0x00000221e4aa3000  513       3       java.lang.ClassLoader::checkName (37 bytes)
Event: 0.167 Thread 0x00000221e4aa3000 nmethod 513 0x00000221bf1a6190 code [0x00000221bf1a6400, 0x00000221bf1a6db8]
Event: 0.167 Thread 0x00000221e4aa3000  514       3       java.lang.String::substring (68 bytes)
Event: 0.167 Thread 0x00000221e4aa3000 nmethod 514 0x00000221bf1a7110 code [0x00000221bf1a7360, 0x00000221bf1a7ab8]
Event: 0.167 Thread 0x00000221e4af8000  515       3       java.lang.StringUTF16::length (5 bytes)
Event: 0.167 Thread 0x00000221e4af8000 nmethod 515 0x00000221bf1a7d90 code [0x00000221bf1a7f40, 0x00000221bf1a8038]
Event: 0.167 Thread 0x00000221e4974800  516       3       java.lang.String::charAt (25 bytes)
Event: 0.168 Thread 0x00000221e4974800 nmethod 516 0x00000221bf1a8110 code [0x00000221bf1a8320, 0x00000221bf1a8838]
Event: 0.168 Thread 0x00000221e4974800  517       1       java.nio.Buffer::limit (5 bytes)
Event: 0.168 Thread 0x00000221e4974800 nmethod 517 0x00000221c6564710 code [0x00000221c65648c0, 0x00000221c6564978]
Event: 0.168 Thread 0x00000221e4974800  518       3       java.util.Collections$UnmodifiableCollection$1::next (10 bytes)
Event: 0.168 Thread 0x00000221e4974800 nmethod 518 0x00000221bf1a8a90 code [0x00000221bf1a8c40, 0x00000221bf1a8e08]
Event: 0.168 Thread 0x00000221e4aa3000  519       1       java.nio.Buffer::position (5 bytes)
Event: 0.168 Thread 0x00000221e4aa3000 nmethod 519 0x00000221c6564a10 code [0x00000221c6564bc0, 0x00000221c6564c78]
Event: 0.168 Thread 0x00000221e4b3f800  520       4       java.lang.AbstractStringBuilder::ensureCapacityInternal (39 bytes)

GC Heap History (0 events):
No events

Deoptimization events (20 events):
Event: 0.081 Thread 0x00000221b620c000 DEOPT PACKING pc=0x00000221c654e90c sp=0x000000a5672fe170
Event: 0.081 Thread 0x00000221b620c000 DEOPT UNPACKING pc=0x00000221be9ea1af sp=0x000000a5672fe0f0 mode 2
Event: 0.081 Thread 0x00000221b620c000 Uncommon trap: trap_request=0xffffffde fr.pc=0x00000221c654e90c relative=0x0000000000000b0c
Event: 0.081 Thread 0x00000221b620c000 Uncommon trap: reason=class_check action=maybe_recompile pc=0x00000221c654e90c method=java.util.HashMap.putVal(ILjava/lang/Object;Ljava/lang/Object;ZZ)Ljava/lang/Object; @ 152 c2
Event: 0.081 Thread 0x00000221b620c000 DEOPT PACKING pc=0x00000221c654e90c sp=0x000000a5672fe170
Event: 0.081 Thread 0x00000221b620c000 DEOPT UNPACKING pc=0x00000221be9ea1af sp=0x000000a5672fe0f0 mode 2
Event: 0.081 Thread 0x00000221b620c000 Uncommon trap: trap_request=0xffffffde fr.pc=0x00000221c654e90c relative=0x0000000000000b0c
Event: 0.081 Thread 0x00000221b620c000 Uncommon trap: reason=class_check action=maybe_recompile pc=0x00000221c654e90c method=java.util.HashMap.putVal(ILjava/lang/Object;Ljava/lang/Object;ZZ)Ljava/lang/Object; @ 152 c2
Event: 0.081 Thread 0x00000221b620c000 DEOPT PACKING pc=0x00000221c654e90c sp=0x000000a5672fe170
Event: 0.081 Thread 0x00000221b620c000 DEOPT UNPACKING pc=0x00000221be9ea1af sp=0x000000a5672fe0f0 mode 2
Event: 0.090 Thread 0x00000221b620c000 Uncommon trap: trap_request=0xffffff4d fr.pc=0x00000221c654ea94 relative=0x0000000000000c94
Event: 0.090 Thread 0x00000221b620c000 Uncommon trap: reason=unstable_if action=reinterpret pc=0x00000221c654ea94 method=java.util.HashMap.putVal(ILjava/lang/Object;Ljava/lang/Object;ZZ)Ljava/lang/Object; @ 181 c2
Event: 0.090 Thread 0x00000221b620c000 DEOPT PACKING pc=0x00000221c654ea94 sp=0x000000a5672fdf70
Event: 0.090 Thread 0x00000221b620c000 DEOPT UNPACKING pc=0x00000221be9ea1af sp=0x000000a5672fdf10 mode 2
Event: 0.155 Thread 0x00000221b620c000 DEOPT PACKING pc=0x00000221bf1537a4 sp=0x000000a5672fbb70
Event: 0.155 Thread 0x00000221b620c000 DEOPT UNPACKING pc=0x00000221be9ea95e sp=0x000000a5672fb008 mode 0
Event: 0.167 Thread 0x00000221b620c000 Uncommon trap: trap_request=0xffffff4d fr.pc=0x00000221c654db20 relative=0x0000000000000080
Event: 0.167 Thread 0x00000221b620c000 Uncommon trap: reason=unstable_if action=reinterpret pc=0x00000221c654db20 method=java.lang.String.charAt(I)C @ 4 c2
Event: 0.167 Thread 0x00000221b620c000 DEOPT PACKING pc=0x00000221c654db20 sp=0x000000a5672fdc10
Event: 0.167 Thread 0x00000221b620c000 DEOPT UNPACKING pc=0x00000221be9ea1af sp=0x000000a5672fdbb0 mode 2

Classes redefined (0 events):
No events

Internal exceptions (1 events):
Event: 0.167 Thread 0x00000221b620c000 Exception <a 'java/lang/reflect/InvocationTargetException'{0x0000000626247000}> (0x0000000626247000) thrown at [s\src\hotspot\share\runtime\reflection.cpp, line 1245]

Events (20 events):
Event: 0.167 loading class java/util/Formatter$FixedString
Event: 0.167 loading class java/util/Formatter$FormatString
Event: 0.167 loading class java/util/Formatter$FormatString done
Event: 0.167 loading class java/util/Formatter$FixedString done
Event: 0.167 loading class java/util/Formatter$FormatSpecifier
Event: 0.167 loading class java/util/Formatter$FormatSpecifier done
Event: 0.167 loading class java/util/Formatter$Flags
Event: 0.167 loading class java/util/Formatter$Flags done
Event: 0.167 loading class java/util/Formatter$Conversion
Event: 0.167 loading class java/util/Formatter$Conversion done
Event: 0.167 loading class java/util/Formattable
Event: 0.167 loading class java/util/Formattable done
Event: 0.167 loading class java/lang/reflect/InvocationTargetException
Event: 0.167 loading class java/lang/reflect/InvocationTargetException done
Event: 0.167 loading class java/lang/Throwable$WrappedPrintStream
Event: 0.167 loading class java/lang/Throwable$PrintStreamOrWriter
Event: 0.167 loading class java/lang/Throwable$PrintStreamOrWriter done
Event: 0.167 loading class java/lang/Throwable$WrappedPrintStream done
Event: 0.168 loading class java/lang/StackTraceElement$HashedModules
Event: 0.168 loading class java/lang/StackTraceElement$HashedModules done


Dynamic libraries:
0x00007ff68b800000 - 0x00007ff68b80e000 	C:\jdk-11.0.21+9\bin\javaw.exe
0x00007ffc764b0000 - 0x00007ffc766c7000 	C:\Windows\SYSTEM32\ntdll.dll
0x00007ffc74f90000 - 0x00007ffc75054000 	C:\Windows\System32\KERNEL32.DLL
0x00007ffc73820000 - 0x00007ffc73bc6000 	C:\Windows\System32\KERNELBASE.dll
0x00007ffc73fc0000 - 0x00007ffc740d1000 	C:\Windows\System32\ucrtbase.dll
0x00007ffc4f060000 - 0x00007ffc4f077000 	C:\jdk-11.0.21+9\bin\jli.dll
0x00007ffc4fc40000 - 0x00007ffc4fc5b000 	C:\jdk-11.0.21+9\bin\VCRUNTIME140.dll
0x00007ffc74ad0000 - 0x00007ffc74c7e000 	C:\Windows\System32\USER32.dll
0x00007ffc73bd0000 - 0x00007ffc73bf6000 	C:\Windows\System32\win32u.dll
0x00007ffc74eb0000 - 0x00007ffc74ed9000 	C:\Windows\System32\GDI32.dll
0x00007ffc740e0000 - 0x00007ffc741f8000 	C:\Windows\System32\gdi32full.dll
0x00007ffc73c00000 - 0x00007ffc73c9a000 	C:\Windows\System32\msvcp_win.dll
0x00007ffc505e0000 - 0x00007ffc50873000 	C:\Windows\WinSxS\amd64_microsoft.windows.common-controls_6595b64144ccf1df_6.0.22621.2506_none_270c5ae97388e100\COMCTL32.dll
0x00007ffc74ee0000 - 0x00007ffc74f87000 	C:\Windows\System32\msvcrt.dll
0x00007ffc75c50000 - 0x00007ffc75c81000 	C:\Windows\System32\IMM32.DLL
0x00007ffc653e0000 - 0x00007ffc653ec000 	C:\jdk-11.0.21+9\bin\vcruntime140_1.dll
0x00007ffc4e3e0000 - 0x00007ffc4e46d000 	C:\jdk-11.0.21+9\bin\msvcp140.dll
0x00007ffbd43b0000 - 0x00007ffbd4f73000 	C:\jdk-11.0.21+9\bin\server\jvm.dll
0x00007ffc75f00000 - 0x00007ffc75fb1000 	C:\Windows\System32\ADVAPI32.dll
0x00007ffc762e0000 - 0x00007ffc76385000 	C:\Windows\System32\sechost.dll
0x00007ffc74d00000 - 0x00007ffc74e17000 	C:\Windows\System32\RPCRT4.dll
0x00007ffc74200000 - 0x00007ffc74208000 	C:\Windows\System32\PSAPI.DLL
0x00007ffc6ff70000 - 0x00007ffc6ff79000 	C:\Windows\SYSTEM32\WSOCK32.dll
0x00007ffc74c80000 - 0x00007ffc74cf1000 	C:\Windows\System32\WS2_32.dll
0x00007ffc6ca50000 - 0x00007ffc6ca84000 	C:\Windows\SYSTEM32\WINMM.dll
0x00007ffc5b3e0000 - 0x00007ffc5b3ea000 	C:\Windows\SYSTEM32\VERSION.dll
0x00007ffc728f0000 - 0x00007ffc72908000 	C:\Windows\SYSTEM32\kernel.appcore.dll
0x00007ffc6e410000 - 0x00007ffc6e420000 	C:\jdk-11.0.21+9\bin\verify.dll
0x00007ffc70ac0000 - 0x00007ffc70cf3000 	C:\Windows\SYSTEM32\DBGHELP.DLL
0x00007ffc758c0000 - 0x00007ffc75c49000 	C:\Windows\System32\combase.dll
0x00007ffc76390000 - 0x00007ffc76467000 	C:\Windows\System32\OLEAUT32.dll
0x00007ffc4b3b0000 - 0x00007ffc4b3e2000 	C:\Windows\SYSTEM32\dbgcore.DLL
0x00007ffc73f40000 - 0x00007ffc73fba000 	C:\Windows\System32\bcryptPrimitives.dll
0x00007ffc54da0000 - 0x00007ffc54dc8000 	C:\jdk-11.0.21+9\bin\java.dll
0x00007ffc65830000 - 0x00007ffc6583a000 	C:\jdk-11.0.21+9\bin\jimage.dll
0x00007ffc63700000 - 0x00007ffc6370e000 	C:\jdk-11.0.21+9\bin\instrument.dll
0x00007ffc54ec0000 - 0x00007ffc54ed8000 	C:\jdk-11.0.21+9\bin\zip.dll
0x00007ffc75060000 - 0x00007ffc758ba000 	C:\Windows\System32\SHELL32.dll
0x00007ffc71700000 - 0x00007ffc71ff6000 	C:\Windows\SYSTEM32\windows.storage.dll
0x00007ffc715c0000 - 0x00007ffc716fe000 	C:\Windows\SYSTEM32\wintypes.dll
0x00007ffc760d0000 - 0x00007ffc761c3000 	C:\Windows\System32\SHCORE.dll
0x00007ffc75d00000 - 0x00007ffc75d5e000 	C:\Windows\System32\shlwapi.dll
0x00007ffc73750000 - 0x00007ffc73776000 	C:\Windows\SYSTEM32\profapi.dll
0x00007ffc53fd0000 - 0x00007ffc53fe9000 	C:\jdk-11.0.21+9\bin\net.dll
0x00007ffc6e050000 - 0x00007ffc6e187000 	C:\Windows\SYSTEM32\WINHTTP.dll
0x00007ffc72d90000 - 0x00007ffc72df9000 	C:\Windows\system32\mswsock.dll
0x00007ffc53620000 - 0x00007ffc53632000 	C:\jdk-11.0.21+9\bin\nio.dll
0x00007ffc55870000 - 0x00007ffc55887000 	C:\Windows\system32\napinsp.dll
0x00007ffc55760000 - 0x00007ffc5577b000 	C:\Windows\system32\pnrpnsp.dll
0x00007ffc72390000 - 0x00007ffc72489000 	C:\Windows\SYSTEM32\DNSAPI.dll
0x00007ffc72360000 - 0x00007ffc7238d000 	C:\Windows\SYSTEM32\IPHLPAPI.DLL
0x00007ffc75fe0000 - 0x00007ffc75fe9000 	C:\Windows\System32\NSI.dll
0x00007ffc55710000 - 0x00007ffc55721000 	C:\Windows\System32\winrnr.dll
0x00007ffc556f0000 - 0x00007ffc55705000 	C:\Windows\system32\wshbth.dll
0x00007ffc556c0000 - 0x00007ffc556e1000 	C:\Windows\system32\nlansp_c.dll
0x00007ffc6cb60000 - 0x00007ffc6cb6a000 	C:\Windows\System32\rasadhlp.dll
0x00007ffc6ccf0000 - 0x00007ffc6cd73000 	C:\Windows\System32\fwpuclnt.dll

dbghelp: loaded successfully - version: 4.0.5 - missing functions: none
symbol engine: initialized successfully - sym options: 0x614 - pdb path: .;C:\jdk-11.0.21+9\bin;C:\Windows\SYSTEM32;C:\Windows\WinSxS\amd64_microsoft.windows.common-controls_6595b64144ccf1df_6.0.22621.2506_none_270c5ae97388e100;C:\jdk-11.0.21+9\bin\server

VM Arguments:
jvm_args: -javaagent:C:\Users\knh96\Downloads\chrome download\eclipse-jee-photon-R-win32-x86_64\eclipse\configuration\org.eclipse.osgi\962\0\.cp\jacocoagent.jar=includes=*,excludes=,exclclassloader=sun.reflect.DelegatingClassLoader,output=tcpclient,port=61158 -Dfile.encoding=UTF-8 
java_command: dev.kiosk.KioskApplication
java_class_path (initial): C:\woori_workspace\lecture\10.java\realMarket\target\classes
Launcher Type: SUN_STANDARD

[Global flags]
     intx CICompilerCount                          = 12                                        {product} {ergonomic}
     uint ConcGCThreads                            = 3                                         {product} {ergonomic}
     uint G1ConcRefinementThreads                  = 13                                        {product} {ergonomic}
   size_t G1HeapRegionSize                         = 2097152                                   {product} {ergonomic}
    uintx GCDrainStackTargetSize                   = 64                                        {product} {ergonomic}
   size_t InitialHeapSize                          = 530579456                                 {product} {ergonomic}
   size_t MarkStackSize                            = 4194304                                   {product} {ergonomic}
   size_t MaxHeapSize                              = 8472494080                                {product} {ergonomic}
   size_t MaxNewSize                               = 5083496448                                {product} {ergonomic}
   size_t MinHeapDeltaBytes                        = 2097152                                   {product} {ergonomic}
    uintx NonNMethodCodeHeapSize                   = 7594288                                {pd product} {ergonomic}
    uintx NonProfiledCodeHeapSize                  = 122031976                              {pd product} {ergonomic}
    uintx ProfiledCodeHeapSize                     = 122031976                              {pd product} {ergonomic}
    uintx ReservedCodeCacheSize                    = 251658240                              {pd product} {ergonomic}
     bool SegmentedCodeCache                       = true                                      {product} {ergonomic}
     bool UseCompressedClassPointers               = true                                 {lp64_product} {ergonomic}
     bool UseCompressedOops                        = true                                 {lp64_product} {ergonomic}
     bool UseG1GC                                  = true                                      {product} {ergonomic}
     bool UseLargePagesIndividualAllocation        = false                                  {pd product} {ergonomic}

Logging:
Log output configuration:
 #0: stdout all=warning uptime,level,tags
 #1: stderr all=off uptime,level,tags

Environment Variables:
JAVA_HOME=C:\jdk-11.0.21+9
PATH=C:/jdk-11.0.21+9/bin/client;C:/jdk-11.0.21+9/bin;C:\jdk-11.0.21+9\bin;C:\Windows\system32;C:\Windows;C:\Windows\System32\Wbem;C:\Windows\System32\WindowsPowerShell\v1.0\;C:\Windows\System32\OpenSSH\;C:\Program Files\nodejs\;C:\Program Files\Git\cmd;C:\Users\knh96\AppData\Local\Microsoft\WindowsApps;C:\Users\knh96\Downloads\chrome download\VSCode\Microsoft VS Code\bin;C:\Users\knh96\AppData\Local\Programs\Microsoft VS Code\bin;C:\Users\knh96\AppData\Roaming\npm;C:\Users\knh96\AppData\Local\GitHubDesktop\bin;C:\Users\knh96\Downloads\chrome download\eclipse-jee-photon-R-win32-x86_64\eclipse;
USERNAME=knh96
OS=Windows_NT
PROCESSOR_IDENTIFIER=Intel64 Family 6 Model 186 Stepping 2, GenuineIntel
TMP=C:\Users\knh96\AppData\Local\Temp
TEMP=C:\Users\knh96\AppData\Local\Temp



---------------  S Y S T E M  ---------------

OS: Windows 11 , 64 bit Build 22621 (10.0.22621.2506)
OS uptime: 9 days 23:59 hours
Hyper-V role detected

CPU:total 16 (initial active 16) (8 cores per cpu, 2 threads per core) family 6 model 186 stepping 2 microcode 0x410e, cmov, cx8, fxsr, mmx, sse, sse2, sse3, ssse3, sse4.1, sse4.2, popcnt, avx, avx2, aes, clmul, erms, 3dnowpref, lzcnt, ht, tsc, tscinvbit, bmi1, bmi2, adx, sha, fma

Memory: 4k page, system-wide physical 32318M (19961M free)
TotalPageFile size 34366M (AvailPageFile size 18174M)
current process WorkingSet (physical memory assigned to process): 65M, peak: 65M
current process commit charge ("private bytes"): 619M, peak: 619M

vm_info: OpenJDK 64-Bit Server VM (11.0.21+9) for windows-amd64 JRE (11.0.21+9), built on Oct 17 2023 22:10:05 by "" with MS VC++ 16.10 / 16.11 (VS2019)

END.
