#
# A fatal error has been detected by the Java Runtime Environment:
#
#  EXCEPTION_ACCESS_VIOLATION (0xc0000005) at pc=0x00000259c681112d, pid=29968, tid=1924
#
# JRE version: OpenJDK Runtime Environment Temurin-11.0.21+9 (11.0.21+9) (build 11.0.21+9)
# Java VM: OpenJDK 64-Bit Server VM Temurin-11.0.21+9 (11.0.21+9, mixed mode, tiered, compressed oops, g1 gc, windows-amd64)
# Problematic frame:
# v  ~StubRoutines::get_previous_fp
#
# No core dump will be written. Minidumps are not enabled by default on client versions of Windows
#
# If you would like to submit a bug report, please visit:
#   https://github.com/adoptium/adoptium-support/issues
#

---------------  S U M M A R Y ------------

Command Line: -javaagent:C:\Users\knh96\Downloads\chrome download\eclipse-jee-photon-R-win32-x86_64\eclipse\configuration\org.eclipse.osgi\962\0\.cp\jacocoagent.jar=includes=*,excludes=,exclclassloader=sun.reflect.DelegatingClassLoader,output=tcpclient,port=56934 -Dfile.encoding=UTF-8 dev.kiosk.KioskApplication

Host: 13th Gen Intel(R) Core(TM) i7-1360P, 16 cores, 31G,  Windows 11 , 64 bit Build 22621 (10.0.22621.2506)
Time: Mon Jan  8 09:11:18 2024  Windows 11 , 64 bit Build 22621 (10.0.22621.2506) elapsed time: 0.390046 seconds (0d 0h 0m 0s)

---------------  T H R E A D  ---------------

Current thread (0x00000259bc8ac000):  JavaThread "main" [_thread_in_vm, id=1924, stack(0x0000007e52d00000,0x0000007e52e00000)]

Stack: [0x0000007e52d00000,0x0000007e52e00000],  sp=0x0000007e52dff7f0,  free space=1021k
Native frames: (J=compiled Java code, j=interpreted, Vv=VM code, C=native code)
C  0x00000259c681112d


siginfo: EXCEPTION_ACCESS_VIOLATION (0xc0000005), reading address 0x00000000000003d8


Register to memory mapping:

RIP=0x00000259c681112d is at begin+8 in a stub
StubRoutines::get_previous_fp [0x00000259c6811125, 0x00000259c6811132[ (13 bytes)
RAX=0x00000000000003d8 is an unknown value
RBX=0x0000007e52dff890 is pointing into the stack for thread: 0x00000259bc8ac000
RCX=0x0000007e52dff890 is pointing into the stack for thread: 0x00000259bc8ac000
RDX=0x0 is NULL
RSP=0x0000007e52dff7f0 is pointing into the stack for thread: 0x00000259bc8ac000
RBP=0x0000007e52dff7f0 is pointing into the stack for thread: 0x00000259bc8ac000
RSI=0x0 is NULL
RDI=0x00000259bc8ac000 is a thread
R8 =0x0000007e52dff768 is pointing into the stack for thread: 0x00000259bc8ac000
R9 =0x0 is NULL
R10=0x0 is NULL
R11=0x0000007e52dff820 is pointing into the stack for thread: 0x00000259bc8ac000
R12=0x00000259bc8aca78 points into unknown readable memory: 0x0803bee1a87b164c | 4c 16 7b a8 e1 be 03 08
R13=0x00000259bc97cb88 points into unknown readable memory: 0x00000259bc5e26e0 | e0 26 5e bc 59 02 00 00
R14=0x00000259ed466ce0 points into unknown readable memory: 0x00000259ed466e70 | 70 6e 46 ed 59 02 00 00
R15=0x00000259bc8ac6a0 points into unknown readable memory: 0x0000000a00000000 | 00 00 00 00 0a 00 00 00


Registers:
RAX=0x00000000000003d8, RBX=0x0000007e52dff890, RCX=0x0000007e52dff890, RDX=0x0000000000000000
RSP=0x0000007e52dff7f0, RBP=0x0000007e52dff7f0, RSI=0x0000000000000000, RDI=0x00000259bc8ac000
R8 =0x0000007e52dff768, R9 =0x0000000000000000, R10=0x0000000000000000, R11=0x0000007e52dff820
R12=0x00000259bc8aca78, R13=0x00000259bc97cb88, R14=0x00000259ed466ce0, R15=0x00000259bc8ac6a0
RIP=0x00000259c681112d, EFLAGS=0x0000000000010202

Top of Stack: (sp=0x0000007e52dff7f0)
0x0000007e52dff7f0:   00000000000003d8 00007ff913ae5b36
0x0000007e52dff800:   00007ff955baf550 00007ff955baf550
0x0000007e52dff810:   0000007e52dff8b0 0000007e52dff840
0x0000007e52dff820:   00000259bc8ac690 00007ff91356216c
0x0000007e52dff830:   0000007e52dff8a0 00000259bc6421e0
0x0000007e52dff840:   00000000000007d0 0000000000007fd8
0x0000007e52dff850:   00000259bc8ac000 00007ff913c391e1
0x0000007e52dff860:   00000259bc6421e0 00000259bc8ac690
0x0000007e52dff870:   00000259bc8ac690 00000259bc5eda00
0x0000007e52dff880:   00000259bc5de058 00007ff94db4148c
0x0000007e52dff890:   0000000000000024 00007ff94db482d0
0x0000007e52dff8a0:   0000007e52dff8f0 00007ff955baf550
0x0000007e52dff8b0:   00007ff955baf550 0000000000000000
0x0000007e52dff8c0:   0000b4931ac2e697 00007ff94db47ae0
0x0000007e52dff8d0:   00000259bc8ac000 00007ff913ae8250
0x0000007e52dff8e0:   00000259bc8ac348 00007ff94db482d0 

Instructions: (pc=0x00000259c681112d)
0x00000259c681102d:   84 83 00 00 00 83 fa 07 0f 84 80 00 00 00 89 01
0x00000259c681103d:   48 8d a5 28 fe ff ff c5 fa 6f 75 b8 c5 fa 6f 7d
0x00000259c681104d:   a8 c5 7a 6f 45 98 c5 7a 6f 4d 88 c5 7a 6f 95 78
0x00000259c681105d:   ff ff ff c5 7a 6f 9d 68 ff ff ff c5 7a 6f a5 58
0x00000259c681106d:   ff ff ff c5 7a 6f ad 48 ff ff ff c5 7a 6f b5 38
0x00000259c681107d:   ff ff ff c5 7a 6f bd 28 ff ff ff 4c 8b 7d c8 4c
0x00000259c681108d:   8b 75 d0 4c 8b 6d d8 4c 8b 65 e0 48 8b 5d f8 48
0x00000259c681109d:   8b 7d e8 48 8b 75 f0 48 81 c4 d8 01 00 00 c5 f8
0x00000259c68110ad:   77 5d c3 48 89 01 eb 88 c5 fa 11 01 eb 82 c5 fb
0x00000259c68110bd:   11 01 e9 79 ff ff ff 49 89 47 08 49 ba 80 50 de
0x00000259c68110cd:   13 f9 7f 00 00 4d 89 57 10 41 c7 47 18 da 01 00
0x00000259c68110dd:   00 e9 2d ff ff ff 8b c1 87 02 c3 48 8b c1 48 87
0x00000259c68110ed:   02 c3 41 8b c0 f0 0f b1 0a c3 49 0f be c0 f0 0f
0x00000259c68110fd:   b0 0a c3 49 8b c0 f0 48 0f b1 0a c3 8b c1 f0 0f
0x00000259c681110d:   c1 0a 03 c1 c3 48 8b c1 f0 48 0f c1 0a 48 03 c1
0x00000259c681111d:   c3 f0 83 44 24 c0 00 c3 55 48 8b ec 48 8b 45 00
0x00000259c681112d:   48 8b 00 5d c3 48 8b c4 48 83 c0 08 c3 c3 0f 1f
0x00000259c681113d:   44 00 00 55 48 8b ec 49 b9 b0 00 f4 13 f9 7f 00
0x00000259c681114d:   00 f7 d1 41 83 f8 10 0f 8c 38 02 00 00 44 8b da
0x00000259c681115d:   41 83 e3 0f 74 23 41 83 eb 10 45 03 c3 66 90 0f
0x00000259c681116d:   be 02 33 c1 81 e0 ff 00 00 00 c1 e9 08 41 33 0c
0x00000259c681117d:   81 48 ff c2 41 ff c3 7c e6 45 8b d8 41 c1 e8 04
0x00000259c681118d:   0f 84 fc 01 00 00 c5 f9 6f 0a c5 f9 7e c8 33 c8
0x00000259c681119d:   c4 e3 71 22 c9 00 48 83 c2 10 41 83 e8 04 0f 8c
0x00000259c68111ad:   d7 00 00 00 c5 f9 6f 12 c5 f9 6f 5a 10 c5 f9 6f
0x00000259c68111bd:   62 20 48 83 c2 30 41 83 e8 03 0f 8e 70 00 00 00
0x00000259c68111cd:   49 ba a0 00 f4 13 f9 7f 00 00 c4 c1 7a 6f 02 0f
0x00000259c68111dd:   1f 40 00 c4 e3 79 44 e9 11 c4 e3 79 44 c9 00 c5
0x00000259c68111ed:   f1 ef 0a c5 f1 ef cd c4 e3 79 44 ea 11 c4 e3 79
0x00000259c68111fd:   44 d2 00 c5 e9 ef 52 10 c5 e9 ef d5 c4 e3 79 44
0x00000259c681120d:   eb 11 c4 e3 79 44 db 00 c5 e1 ef 5a 20 c5 e1 ef
0x00000259c681121d:   dd c4 e3 79 44 ec 11 c4 e3 79 44 e4 00 c5 d9 ef 


Stack slot to memory mapping:
stack at sp + 0 slots: 0x00000000000003d8 is an unknown value
stack at sp + 1 slots: 0x00007ff913ae5b36 jvm.dll
stack at sp + 2 slots: 0x00007ff955baf550 ucrtbase.dll
stack at sp + 3 slots: 0x00007ff955baf550 ucrtbase.dll
stack at sp + 4 slots: 0x0000007e52dff8b0 is pointing into the stack for thread: 0x00000259bc8ac000
stack at sp + 5 slots: 0x0000007e52dff840 is pointing into the stack for thread: 0x00000259bc8ac000
stack at sp + 6 slots: 0x00000259bc8ac690 points into unknown readable memory: 0x00000259ed466cd0 | d0 6c 46 ed 59 02 00 00
stack at sp + 7 slots: 0x00007ff91356216c jvm.dll

StubRoutines::get_previous_fp [0x00000259c6811125, 0x00000259c6811132[ (13 bytes)
---------------  P R O C E S S  ---------------

Threads class SMR info:
_java_thread_list=0x00000259ed4c9500, length=16, elements={
0x00000259bc8ac000, 0x00000259ece8b000, 0x00000259ece8f800, 0x00000259ecf27800,
0x00000259ecf29000, 0x00000259ecf2e000, 0x00000259ecf3d000, 0x00000259ecf41000,
0x00000259ecf52800, 0x00000259ed0a3800, 0x00000259ed0af800, 0x00000259ed0b0000,
0x00000259ed0b5000, 0x00000259ed0c2000, 0x00000259ed158800, 0x00000259ed4fd000
}

Java Threads: ( => current thread )
=>0x00000259bc8ac000 JavaThread "main" [_thread_in_vm, id=1924, stack(0x0000007e52d00000,0x0000007e52e00000)]
  0x00000259ece8b000 JavaThread "Reference Handler" daemon [_thread_blocked, id=17936, stack(0x0000007e53400000,0x0000007e53500000)]
  0x00000259ece8f800 JavaThread "Finalizer" daemon [_thread_blocked, id=27092, stack(0x0000007e53500000,0x0000007e53600000)]
  0x00000259ecf27800 JavaThread "Signal Dispatcher" daemon [_thread_blocked, id=180, stack(0x0000007e53600000,0x0000007e53700000)]
  0x00000259ecf29000 JavaThread "Attach Listener" daemon [_thread_blocked, id=16192, stack(0x0000007e53700000,0x0000007e53800000)]
  0x00000259ecf2e000 JavaThread "Service Thread" daemon [_thread_blocked, id=19744, stack(0x0000007e53800000,0x0000007e53900000)]
  0x00000259ecf3d000 JavaThread "C2 CompilerThread0" daemon [_thread_blocked, id=25128, stack(0x0000007e53900000,0x0000007e53a00000)]
  0x00000259ecf41000 JavaThread "C1 CompilerThread0" daemon [_thread_blocked, id=18404, stack(0x0000007e53a00000,0x0000007e53b00000)]
  0x00000259ecf52800 JavaThread "Sweeper thread" daemon [_thread_blocked, id=5516, stack(0x0000007e53b00000,0x0000007e53c00000)]
  0x00000259ed0a3800 JavaThread "Common-Cleaner" daemon [_thread_blocked, id=13388, stack(0x0000007e53c00000,0x0000007e53d00000)]
  0x00000259ed0af800 JavaThread "C1 CompilerThread1" daemon [_thread_blocked, id=4740, stack(0x0000007e53d00000,0x0000007e53e00000)]
  0x00000259ed0b0000 JavaThread "C1 CompilerThread2" daemon [_thread_blocked, id=28016, stack(0x0000007e53e00000,0x0000007e53f00000)]
  0x00000259ed0b5000 JavaThread "C1 CompilerThread3" daemon [_thread_blocked, id=26028, stack(0x0000007e53f00000,0x0000007e54000000)]
  0x00000259ed0c2000 JavaThread "C2 CompilerThread1" daemon [_thread_blocked, id=7952, stack(0x0000007e54000000,0x0000007e54100000)]
  0x00000259ed158800 JavaThread "C2 CompilerThread2" daemon [_thread_blocked, id=26820, stack(0x0000007e54100000,0x0000007e54200000)]
  0x00000259ed4fd000 JavaThread "org.jacoco.agent.rt.internal_c13123e.output.TcpClientOutput" daemon [_thread_in_native, id=16752, stack(0x0000007e54200000,0x0000007e54300000)]

Other Threads:
  0x00000259ece8a800 VMThread "VM Thread" [stack: 0x0000007e53300000,0x0000007e53400000] [id=12456]
  0x00000259bc8c7800 GCTaskThread "GC Thread#0" [stack: 0x0000007e52e00000,0x0000007e52f00000] [id=21320]
  0x00000259bc946800 ConcurrentGCThread "G1 Main Marker" [stack: 0x0000007e52f00000,0x0000007e53000000] [id=17132]
  0x00000259bc948000 ConcurrentGCThread "G1 Conc#0" [stack: 0x0000007e53000000,0x0000007e53100000] [id=25864]
  0x00000259ec4f2800 ConcurrentGCThread "G1 Refine#0" [stack: 0x0000007e53100000,0x0000007e53200000] [id=3136]
  0x00000259ec4f4000 ConcurrentGCThread "G1 Young RemSet Sampling" [stack: 0x0000007e53200000,0x0000007e53300000] [id=14164]

Threads with active compile tasks:

VM state:not at safepoint (normal execution)

VM Mutex/Monitor currently owned by a thread: None

Heap address: 0x0000000607000000, size: 8080 MB, Compressed Oops mode: Zero based, Oop shift amount: 3
Narrow klass base: 0x0000000800000000, Narrow klass shift: 0
Compressed class space size: 1073741824 Address: 0x0000000800000000

Heap:
 garbage-first heap   total 518144K, used 6144K [0x0000000607000000, 0x0000000800000000)
  region size 2048K, 4 young (8192K), 0 survivors (0K)
 Metaspace       used 10280K, capacity 10535K, committed 10752K, reserved 1058816K
  class space    used 912K, capacity 973K, committed 1024K, reserved 1048576K
Heap Regions: E=young(eden), S=young(survivor), O=old, HS=humongous(starts), HC=humongous(continues), CS=collection set, F=free, A=archive, TAMS=top-at-mark-start (previous, next)
|   0|0x0000000607000000, 0x0000000607000000, 0x0000000607200000|  0%| F|  |TAMS 0x0000000607000000, 0x0000000607000000| Untracked 
|   1|0x0000000607200000, 0x0000000607200000, 0x0000000607400000|  0%| F|  |TAMS 0x0000000607200000, 0x0000000607200000| Untracked 
|   2|0x0000000607400000, 0x0000000607400000, 0x0000000607600000|  0%| F|  |TAMS 0x0000000607400000, 0x0000000607400000| Untracked 
|   3|0x0000000607600000, 0x0000000607600000, 0x0000000607800000|  0%| F|  |TAMS 0x0000000607600000, 0x0000000607600000| Untracked 
|   4|0x0000000607800000, 0x0000000607800000, 0x0000000607a00000|  0%| F|  |TAMS 0x0000000607800000, 0x0000000607800000| Untracked 
|   5|0x0000000607a00000, 0x0000000607a00000, 0x0000000607c00000|  0%| F|  |TAMS 0x0000000607a00000, 0x0000000607a00000| Untracked 
|   6|0x0000000607c00000, 0x0000000607c00000, 0x0000000607e00000|  0%| F|  |TAMS 0x0000000607c00000, 0x0000000607c00000| Untracked 
|   7|0x0000000607e00000, 0x0000000607e00000, 0x0000000608000000|  0%| F|  |TAMS 0x0000000607e00000, 0x0000000607e00000| Untracked 
|   8|0x0000000608000000, 0x0000000608000000, 0x0000000608200000|  0%| F|  |TAMS 0x0000000608000000, 0x0000000608000000| Untracked 
|   9|0x0000000608200000, 0x0000000608200000, 0x0000000608400000|  0%| F|  |TAMS 0x0000000608200000, 0x0000000608200000| Untracked 
|  10|0x0000000608400000, 0x0000000608400000, 0x0000000608600000|  0%| F|  |TAMS 0x0000000608400000, 0x0000000608400000| Untracked 
|  11|0x0000000608600000, 0x0000000608600000, 0x0000000608800000|  0%| F|  |TAMS 0x0000000608600000, 0x0000000608600000| Untracked 
|  12|0x0000000608800000, 0x0000000608800000, 0x0000000608a00000|  0%| F|  |TAMS 0x0000000608800000, 0x0000000608800000| Untracked 
|  13|0x0000000608a00000, 0x0000000608a00000, 0x0000000608c00000|  0%| F|  |TAMS 0x0000000608a00000, 0x0000000608a00000| Untracked 
|  14|0x0000000608c00000, 0x0000000608c00000, 0x0000000608e00000|  0%| F|  |TAMS 0x0000000608c00000, 0x0000000608c00000| Untracked 
|  15|0x0000000608e00000, 0x0000000608e00000, 0x0000000609000000|  0%| F|  |TAMS 0x0000000608e00000, 0x0000000608e00000| Untracked 
|  16|0x0000000609000000, 0x0000000609000000, 0x0000000609200000|  0%| F|  |TAMS 0x0000000609000000, 0x0000000609000000| Untracked 
|  17|0x0000000609200000, 0x0000000609200000, 0x0000000609400000|  0%| F|  |TAMS 0x0000000609200000, 0x0000000609200000| Untracked 
|  18|0x0000000609400000, 0x0000000609400000, 0x0000000609600000|  0%| F|  |TAMS 0x0000000609400000, 0x0000000609400000| Untracked 
|  19|0x0000000609600000, 0x0000000609600000, 0x0000000609800000|  0%| F|  |TAMS 0x0000000609600000, 0x0000000609600000| Untracked 
|  20|0x0000000609800000, 0x0000000609800000, 0x0000000609a00000|  0%| F|  |TAMS 0x0000000609800000, 0x0000000609800000| Untracked 
|  21|0x0000000609a00000, 0x0000000609a00000, 0x0000000609c00000|  0%| F|  |TAMS 0x0000000609a00000, 0x0000000609a00000| Untracked 
|  22|0x0000000609c00000, 0x0000000609c00000, 0x0000000609e00000|  0%| F|  |TAMS 0x0000000609c00000, 0x0000000609c00000| Untracked 
|  23|0x0000000609e00000, 0x0000000609e00000, 0x000000060a000000|  0%| F|  |TAMS 0x0000000609e00000, 0x0000000609e00000| Untracked 
|  24|0x000000060a000000, 0x000000060a000000, 0x000000060a200000|  0%| F|  |TAMS 0x000000060a000000, 0x000000060a000000| Untracked 
|  25|0x000000060a200000, 0x000000060a200000, 0x000000060a400000|  0%| F|  |TAMS 0x000000060a200000, 0x000000060a200000| Untracked 
|  26|0x000000060a400000, 0x000000060a400000, 0x000000060a600000|  0%| F|  |TAMS 0x000000060a400000, 0x000000060a400000| Untracked 
|  27|0x000000060a600000, 0x000000060a600000, 0x000000060a800000|  0%| F|  |TAMS 0x000000060a600000, 0x000000060a600000| Untracked 
|  28|0x000000060a800000, 0x000000060a800000, 0x000000060aa00000|  0%| F|  |TAMS 0x000000060a800000, 0x000000060a800000| Untracked 
|  29|0x000000060aa00000, 0x000000060aa00000, 0x000000060ac00000|  0%| F|  |TAMS 0x000000060aa00000, 0x000000060aa00000| Untracked 
|  30|0x000000060ac00000, 0x000000060ac00000, 0x000000060ae00000|  0%| F|  |TAMS 0x000000060ac00000, 0x000000060ac00000| Untracked 
|  31|0x000000060ae00000, 0x000000060ae00000, 0x000000060b000000|  0%| F|  |TAMS 0x000000060ae00000, 0x000000060ae00000| Untracked 
|  32|0x000000060b000000, 0x000000060b000000, 0x000000060b200000|  0%| F|  |TAMS 0x000000060b000000, 0x000000060b000000| Untracked 
|  33|0x000000060b200000, 0x000000060b200000, 0x000000060b400000|  0%| F|  |TAMS 0x000000060b200000, 0x000000060b200000| Untracked 
|  34|0x000000060b400000, 0x000000060b400000, 0x000000060b600000|  0%| F|  |TAMS 0x000000060b400000, 0x000000060b400000| Untracked 
|  35|0x000000060b600000, 0x000000060b600000, 0x000000060b800000|  0%| F|  |TAMS 0x000000060b600000, 0x000000060b600000| Untracked 
|  36|0x000000060b800000, 0x000000060b800000, 0x000000060ba00000|  0%| F|  |TAMS 0x000000060b800000, 0x000000060b800000| Untracked 
|  37|0x000000060ba00000, 0x000000060ba00000, 0x000000060bc00000|  0%| F|  |TAMS 0x000000060ba00000, 0x000000060ba00000| Untracked 
|  38|0x000000060bc00000, 0x000000060bc00000, 0x000000060be00000|  0%| F|  |TAMS 0x000000060bc00000, 0x000000060bc00000| Untracked 
|  39|0x000000060be00000, 0x000000060be00000, 0x000000060c000000|  0%| F|  |TAMS 0x000000060be00000, 0x000000060be00000| Untracked 
|  40|0x000000060c000000, 0x000000060c000000, 0x000000060c200000|  0%| F|  |TAMS 0x000000060c000000, 0x000000060c000000| Untracked 
|  41|0x000000060c200000, 0x000000060c200000, 0x000000060c400000|  0%| F|  |TAMS 0x000000060c200000, 0x000000060c200000| Untracked 
|  42|0x000000060c400000, 0x000000060c400000, 0x000000060c600000|  0%| F|  |TAMS 0x000000060c400000, 0x000000060c400000| Untracked 
|  43|0x000000060c600000, 0x000000060c600000, 0x000000060c800000|  0%| F|  |TAMS 0x000000060c600000, 0x000000060c600000| Untracked 
|  44|0x000000060c800000, 0x000000060c800000, 0x000000060ca00000|  0%| F|  |TAMS 0x000000060c800000, 0x000000060c800000| Untracked 
|  45|0x000000060ca00000, 0x000000060ca00000, 0x000000060cc00000|  0%| F|  |TAMS 0x000000060ca00000, 0x000000060ca00000| Untracked 
|  46|0x000000060cc00000, 0x000000060cc00000, 0x000000060ce00000|  0%| F|  |TAMS 0x000000060cc00000, 0x000000060cc00000| Untracked 
|  47|0x000000060ce00000, 0x000000060ce00000, 0x000000060d000000|  0%| F|  |TAMS 0x000000060ce00000, 0x000000060ce00000| Untracked 
|  48|0x000000060d000000, 0x000000060d000000, 0x000000060d200000|  0%| F|  |TAMS 0x000000060d000000, 0x000000060d000000| Untracked 
|  49|0x000000060d200000, 0x000000060d200000, 0x000000060d400000|  0%| F|  |TAMS 0x000000060d200000, 0x000000060d200000| Untracked 
|  50|0x000000060d400000, 0x000000060d400000, 0x000000060d600000|  0%| F|  |TAMS 0x000000060d400000, 0x000000060d400000| Untracked 
|  51|0x000000060d600000, 0x000000060d600000, 0x000000060d800000|  0%| F|  |TAMS 0x000000060d600000, 0x000000060d600000| Untracked 
|  52|0x000000060d800000, 0x000000060d800000, 0x000000060da00000|  0%| F|  |TAMS 0x000000060d800000, 0x000000060d800000| Untracked 
|  53|0x000000060da00000, 0x000000060da00000, 0x000000060dc00000|  0%| F|  |TAMS 0x000000060da00000, 0x000000060da00000| Untracked 
|  54|0x000000060dc00000, 0x000000060dc00000, 0x000000060de00000|  0%| F|  |TAMS 0x000000060dc00000, 0x000000060dc00000| Untracked 
|  55|0x000000060de00000, 0x000000060de00000, 0x000000060e000000|  0%| F|  |TAMS 0x000000060de00000, 0x000000060de00000| Untracked 
|  56|0x000000060e000000, 0x000000060e000000, 0x000000060e200000|  0%| F|  |TAMS 0x000000060e000000, 0x000000060e000000| Untracked 
|  57|0x000000060e200000, 0x000000060e200000, 0x000000060e400000|  0%| F|  |TAMS 0x000000060e200000, 0x000000060e200000| Untracked 
|  58|0x000000060e400000, 0x000000060e400000, 0x000000060e600000|  0%| F|  |TAMS 0x000000060e400000, 0x000000060e400000| Untracked 
|  59|0x000000060e600000, 0x000000060e600000, 0x000000060e800000|  0%| F|  |TAMS 0x000000060e600000, 0x000000060e600000| Untracked 
|  60|0x000000060e800000, 0x000000060e800000, 0x000000060ea00000|  0%| F|  |TAMS 0x000000060e800000, 0x000000060e800000| Untracked 
|  61|0x000000060ea00000, 0x000000060ea00000, 0x000000060ec00000|  0%| F|  |TAMS 0x000000060ea00000, 0x000000060ea00000| Untracked 
|  62|0x000000060ec00000, 0x000000060ec00000, 0x000000060ee00000|  0%| F|  |TAMS 0x000000060ec00000, 0x000000060ec00000| Untracked 
|  63|0x000000060ee00000, 0x000000060ee00000, 0x000000060f000000|  0%| F|  |TAMS 0x000000060ee00000, 0x000000060ee00000| Untracked 
|  64|0x000000060f000000, 0x000000060f000000, 0x000000060f200000|  0%| F|  |TAMS 0x000000060f000000, 0x000000060f000000| Untracked 
|  65|0x000000060f200000, 0x000000060f200000, 0x000000060f400000|  0%| F|  |TAMS 0x000000060f200000, 0x000000060f200000| Untracked 
|  66|0x000000060f400000, 0x000000060f400000, 0x000000060f600000|  0%| F|  |TAMS 0x000000060f400000, 0x000000060f400000| Untracked 
|  67|0x000000060f600000, 0x000000060f600000, 0x000000060f800000|  0%| F|  |TAMS 0x000000060f600000, 0x000000060f600000| Untracked 
|  68|0x000000060f800000, 0x000000060f800000, 0x000000060fa00000|  0%| F|  |TAMS 0x000000060f800000, 0x000000060f800000| Untracked 
|  69|0x000000060fa00000, 0x000000060fa00000, 0x000000060fc00000|  0%| F|  |TAMS 0x000000060fa00000, 0x000000060fa00000| Untracked 
|  70|0x000000060fc00000, 0x000000060fc00000, 0x000000060fe00000|  0%| F|  |TAMS 0x000000060fc00000, 0x000000060fc00000| Untracked 
|  71|0x000000060fe00000, 0x000000060fe00000, 0x0000000610000000|  0%| F|  |TAMS 0x000000060fe00000, 0x000000060fe00000| Untracked 
|  72|0x0000000610000000, 0x0000000610000000, 0x0000000610200000|  0%| F|  |TAMS 0x0000000610000000, 0x0000000610000000| Untracked 
|  73|0x0000000610200000, 0x0000000610200000, 0x0000000610400000|  0%| F|  |TAMS 0x0000000610200000, 0x0000000610200000| Untracked 
|  74|0x0000000610400000, 0x0000000610400000, 0x0000000610600000|  0%| F|  |TAMS 0x0000000610400000, 0x0000000610400000| Untracked 
|  75|0x0000000610600000, 0x0000000610600000, 0x0000000610800000|  0%| F|  |TAMS 0x0000000610600000, 0x0000000610600000| Untracked 
|  76|0x0000000610800000, 0x0000000610800000, 0x0000000610a00000|  0%| F|  |TAMS 0x0000000610800000, 0x0000000610800000| Untracked 
|  77|0x0000000610a00000, 0x0000000610a00000, 0x0000000610c00000|  0%| F|  |TAMS 0x0000000610a00000, 0x0000000610a00000| Untracked 
|  78|0x0000000610c00000, 0x0000000610c00000, 0x0000000610e00000|  0%| F|  |TAMS 0x0000000610c00000, 0x0000000610c00000| Untracked 
|  79|0x0000000610e00000, 0x0000000610e00000, 0x0000000611000000|  0%| F|  |TAMS 0x0000000610e00000, 0x0000000610e00000| Untracked 
|  80|0x0000000611000000, 0x0000000611000000, 0x0000000611200000|  0%| F|  |TAMS 0x0000000611000000, 0x0000000611000000| Untracked 
|  81|0x0000000611200000, 0x0000000611200000, 0x0000000611400000|  0%| F|  |TAMS 0x0000000611200000, 0x0000000611200000| Untracked 
|  82|0x0000000611400000, 0x0000000611400000, 0x0000000611600000|  0%| F|  |TAMS 0x0000000611400000, 0x0000000611400000| Untracked 
|  83|0x0000000611600000, 0x0000000611600000, 0x0000000611800000|  0%| F|  |TAMS 0x0000000611600000, 0x0000000611600000| Untracked 
|  84|0x0000000611800000, 0x0000000611800000, 0x0000000611a00000|  0%| F|  |TAMS 0x0000000611800000, 0x0000000611800000| Untracked 
|  85|0x0000000611a00000, 0x0000000611a00000, 0x0000000611c00000|  0%| F|  |TAMS 0x0000000611a00000, 0x0000000611a00000| Untracked 
|  86|0x0000000611c00000, 0x0000000611c00000, 0x0000000611e00000|  0%| F|  |TAMS 0x0000000611c00000, 0x0000000611c00000| Untracked 
|  87|0x0000000611e00000, 0x0000000611e00000, 0x0000000612000000|  0%| F|  |TAMS 0x0000000611e00000, 0x0000000611e00000| Untracked 
|  88|0x0000000612000000, 0x0000000612000000, 0x0000000612200000|  0%| F|  |TAMS 0x0000000612000000, 0x0000000612000000| Untracked 
|  89|0x0000000612200000, 0x0000000612200000, 0x0000000612400000|  0%| F|  |TAMS 0x0000000612200000, 0x0000000612200000| Untracked 
|  90|0x0000000612400000, 0x0000000612400000, 0x0000000612600000|  0%| F|  |TAMS 0x0000000612400000, 0x0000000612400000| Untracked 
|  91|0x0000000612600000, 0x0000000612600000, 0x0000000612800000|  0%| F|  |TAMS 0x0000000612600000, 0x0000000612600000| Untracked 
|  92|0x0000000612800000, 0x0000000612800000, 0x0000000612a00000|  0%| F|  |TAMS 0x0000000612800000, 0x0000000612800000| Untracked 
|  93|0x0000000612a00000, 0x0000000612a00000, 0x0000000612c00000|  0%| F|  |TAMS 0x0000000612a00000, 0x0000000612a00000| Untracked 
|  94|0x0000000612c00000, 0x0000000612c00000, 0x0000000612e00000|  0%| F|  |TAMS 0x0000000612c00000, 0x0000000612c00000| Untracked 
|  95|0x0000000612e00000, 0x0000000612e00000, 0x0000000613000000|  0%| F|  |TAMS 0x0000000612e00000, 0x0000000612e00000| Untracked 
|  96|0x0000000613000000, 0x0000000613000000, 0x0000000613200000|  0%| F|  |TAMS 0x0000000613000000, 0x0000000613000000| Untracked 
|  97|0x0000000613200000, 0x0000000613200000, 0x0000000613400000|  0%| F|  |TAMS 0x0000000613200000, 0x0000000613200000| Untracked 
|  98|0x0000000613400000, 0x0000000613400000, 0x0000000613600000|  0%| F|  |TAMS 0x0000000613400000, 0x0000000613400000| Untracked 
|  99|0x0000000613600000, 0x0000000613600000, 0x0000000613800000|  0%| F|  |TAMS 0x0000000613600000, 0x0000000613600000| Untracked 
| 100|0x0000000613800000, 0x0000000613800000, 0x0000000613a00000|  0%| F|  |TAMS 0x0000000613800000, 0x0000000613800000| Untracked 
| 101|0x0000000613a00000, 0x0000000613a00000, 0x0000000613c00000|  0%| F|  |TAMS 0x0000000613a00000, 0x0000000613a00000| Untracked 
| 102|0x0000000613c00000, 0x0000000613c00000, 0x0000000613e00000|  0%| F|  |TAMS 0x0000000613c00000, 0x0000000613c00000| Untracked 
| 103|0x0000000613e00000, 0x0000000613e00000, 0x0000000614000000|  0%| F|  |TAMS 0x0000000613e00000, 0x0000000613e00000| Untracked 
| 104|0x0000000614000000, 0x0000000614000000, 0x0000000614200000|  0%| F|  |TAMS 0x0000000614000000, 0x0000000614000000| Untracked 
| 105|0x0000000614200000, 0x0000000614200000, 0x0000000614400000|  0%| F|  |TAMS 0x0000000614200000, 0x0000000614200000| Untracked 
| 106|0x0000000614400000, 0x0000000614400000, 0x0000000614600000|  0%| F|  |TAMS 0x0000000614400000, 0x0000000614400000| Untracked 
| 107|0x0000000614600000, 0x0000000614600000, 0x0000000614800000|  0%| F|  |TAMS 0x0000000614600000, 0x0000000614600000| Untracked 
| 108|0x0000000614800000, 0x0000000614800000, 0x0000000614a00000|  0%| F|  |TAMS 0x0000000614800000, 0x0000000614800000| Untracked 
| 109|0x0000000614a00000, 0x0000000614a00000, 0x0000000614c00000|  0%| F|  |TAMS 0x0000000614a00000, 0x0000000614a00000| Untracked 
| 110|0x0000000614c00000, 0x0000000614c00000, 0x0000000614e00000|  0%| F|  |TAMS 0x0000000614c00000, 0x0000000614c00000| Untracked 
| 111|0x0000000614e00000, 0x0000000614e00000, 0x0000000615000000|  0%| F|  |TAMS 0x0000000614e00000, 0x0000000614e00000| Untracked 
| 112|0x0000000615000000, 0x0000000615000000, 0x0000000615200000|  0%| F|  |TAMS 0x0000000615000000, 0x0000000615000000| Untracked 
| 113|0x0000000615200000, 0x0000000615200000, 0x0000000615400000|  0%| F|  |TAMS 0x0000000615200000, 0x0000000615200000| Untracked 
| 114|0x0000000615400000, 0x0000000615400000, 0x0000000615600000|  0%| F|  |TAMS 0x0000000615400000, 0x0000000615400000| Untracked 
| 115|0x0000000615600000, 0x0000000615600000, 0x0000000615800000|  0%| F|  |TAMS 0x0000000615600000, 0x0000000615600000| Untracked 
| 116|0x0000000615800000, 0x0000000615800000, 0x0000000615a00000|  0%| F|  |TAMS 0x0000000615800000, 0x0000000615800000| Untracked 
| 117|0x0000000615a00000, 0x0000000615a00000, 0x0000000615c00000|  0%| F|  |TAMS 0x0000000615a00000, 0x0000000615a00000| Untracked 
| 118|0x0000000615c00000, 0x0000000615c00000, 0x0000000615e00000|  0%| F|  |TAMS 0x0000000615c00000, 0x0000000615c00000| Untracked 
| 119|0x0000000615e00000, 0x0000000615e00000, 0x0000000616000000|  0%| F|  |TAMS 0x0000000615e00000, 0x0000000615e00000| Untracked 
| 120|0x0000000616000000, 0x0000000616000000, 0x0000000616200000|  0%| F|  |TAMS 0x0000000616000000, 0x0000000616000000| Untracked 
| 121|0x0000000616200000, 0x0000000616200000, 0x0000000616400000|  0%| F|  |TAMS 0x0000000616200000, 0x0000000616200000| Untracked 
| 122|0x0000000616400000, 0x0000000616400000, 0x0000000616600000|  0%| F|  |TAMS 0x0000000616400000, 0x0000000616400000| Untracked 
| 123|0x0000000616600000, 0x0000000616600000, 0x0000000616800000|  0%| F|  |TAMS 0x0000000616600000, 0x0000000616600000| Untracked 
| 124|0x0000000616800000, 0x0000000616800000, 0x0000000616a00000|  0%| F|  |TAMS 0x0000000616800000, 0x0000000616800000| Untracked 
| 125|0x0000000616a00000, 0x0000000616a00000, 0x0000000616c00000|  0%| F|  |TAMS 0x0000000616a00000, 0x0000000616a00000| Untracked 
| 126|0x0000000616c00000, 0x0000000616c00000, 0x0000000616e00000|  0%| F|  |TAMS 0x0000000616c00000, 0x0000000616c00000| Untracked 
| 127|0x0000000616e00000, 0x0000000616e00000, 0x0000000617000000|  0%| F|  |TAMS 0x0000000616e00000, 0x0000000616e00000| Untracked 
| 128|0x0000000617000000, 0x0000000617000000, 0x0000000617200000|  0%| F|  |TAMS 0x0000000617000000, 0x0000000617000000| Untracked 
| 129|0x0000000617200000, 0x0000000617200000, 0x0000000617400000|  0%| F|  |TAMS 0x0000000617200000, 0x0000000617200000| Untracked 
| 130|0x0000000617400000, 0x0000000617400000, 0x0000000617600000|  0%| F|  |TAMS 0x0000000617400000, 0x0000000617400000| Untracked 
| 131|0x0000000617600000, 0x0000000617600000, 0x0000000617800000|  0%| F|  |TAMS 0x0000000617600000, 0x0000000617600000| Untracked 
| 132|0x0000000617800000, 0x0000000617800000, 0x0000000617a00000|  0%| F|  |TAMS 0x0000000617800000, 0x0000000617800000| Untracked 
| 133|0x0000000617a00000, 0x0000000617a00000, 0x0000000617c00000|  0%| F|  |TAMS 0x0000000617a00000, 0x0000000617a00000| Untracked 
| 134|0x0000000617c00000, 0x0000000617c00000, 0x0000000617e00000|  0%| F|  |TAMS 0x0000000617c00000, 0x0000000617c00000| Untracked 
| 135|0x0000000617e00000, 0x0000000617e00000, 0x0000000618000000|  0%| F|  |TAMS 0x0000000617e00000, 0x0000000617e00000| Untracked 
| 136|0x0000000618000000, 0x0000000618000000, 0x0000000618200000|  0%| F|  |TAMS 0x0000000618000000, 0x0000000618000000| Untracked 
| 137|0x0000000618200000, 0x0000000618200000, 0x0000000618400000|  0%| F|  |TAMS 0x0000000618200000, 0x0000000618200000| Untracked 
| 138|0x0000000618400000, 0x0000000618400000, 0x0000000618600000|  0%| F|  |TAMS 0x0000000618400000, 0x0000000618400000| Untracked 
| 139|0x0000000618600000, 0x0000000618600000, 0x0000000618800000|  0%| F|  |TAMS 0x0000000618600000, 0x0000000618600000| Untracked 
| 140|0x0000000618800000, 0x0000000618800000, 0x0000000618a00000|  0%| F|  |TAMS 0x0000000618800000, 0x0000000618800000| Untracked 
| 141|0x0000000618a00000, 0x0000000618a00000, 0x0000000618c00000|  0%| F|  |TAMS 0x0000000618a00000, 0x0000000618a00000| Untracked 
| 142|0x0000000618c00000, 0x0000000618c00000, 0x0000000618e00000|  0%| F|  |TAMS 0x0000000618c00000, 0x0000000618c00000| Untracked 
| 143|0x0000000618e00000, 0x0000000618e00000, 0x0000000619000000|  0%| F|  |TAMS 0x0000000618e00000, 0x0000000618e00000| Untracked 
| 144|0x0000000619000000, 0x0000000619000000, 0x0000000619200000|  0%| F|  |TAMS 0x0000000619000000, 0x0000000619000000| Untracked 
| 145|0x0000000619200000, 0x0000000619200000, 0x0000000619400000|  0%| F|  |TAMS 0x0000000619200000, 0x0000000619200000| Untracked 
| 146|0x0000000619400000, 0x0000000619400000, 0x0000000619600000|  0%| F|  |TAMS 0x0000000619400000, 0x0000000619400000| Untracked 
| 147|0x0000000619600000, 0x0000000619600000, 0x0000000619800000|  0%| F|  |TAMS 0x0000000619600000, 0x0000000619600000| Untracked 
| 148|0x0000000619800000, 0x0000000619800000, 0x0000000619a00000|  0%| F|  |TAMS 0x0000000619800000, 0x0000000619800000| Untracked 
| 149|0x0000000619a00000, 0x0000000619a00000, 0x0000000619c00000|  0%| F|  |TAMS 0x0000000619a00000, 0x0000000619a00000| Untracked 
| 150|0x0000000619c00000, 0x0000000619c00000, 0x0000000619e00000|  0%| F|  |TAMS 0x0000000619c00000, 0x0000000619c00000| Untracked 
| 151|0x0000000619e00000, 0x0000000619e00000, 0x000000061a000000|  0%| F|  |TAMS 0x0000000619e00000, 0x0000000619e00000| Untracked 
| 152|0x000000061a000000, 0x000000061a000000, 0x000000061a200000|  0%| F|  |TAMS 0x000000061a000000, 0x000000061a000000| Untracked 
| 153|0x000000061a200000, 0x000000061a200000, 0x000000061a400000|  0%| F|  |TAMS 0x000000061a200000, 0x000000061a200000| Untracked 
| 154|0x000000061a400000, 0x000000061a400000, 0x000000061a600000|  0%| F|  |TAMS 0x000000061a400000, 0x000000061a400000| Untracked 
| 155|0x000000061a600000, 0x000000061a600000, 0x000000061a800000|  0%| F|  |TAMS 0x000000061a600000, 0x000000061a600000| Untracked 
| 156|0x000000061a800000, 0x000000061a800000, 0x000000061aa00000|  0%| F|  |TAMS 0x000000061a800000, 0x000000061a800000| Untracked 
| 157|0x000000061aa00000, 0x000000061aa00000, 0x000000061ac00000|  0%| F|  |TAMS 0x000000061aa00000, 0x000000061aa00000| Untracked 
| 158|0x000000061ac00000, 0x000000061ac00000, 0x000000061ae00000|  0%| F|  |TAMS 0x000000061ac00000, 0x000000061ac00000| Untracked 
| 159|0x000000061ae00000, 0x000000061ae00000, 0x000000061b000000|  0%| F|  |TAMS 0x000000061ae00000, 0x000000061ae00000| Untracked 
| 160|0x000000061b000000, 0x000000061b000000, 0x000000061b200000|  0%| F|  |TAMS 0x000000061b000000, 0x000000061b000000| Untracked 
| 161|0x000000061b200000, 0x000000061b200000, 0x000000061b400000|  0%| F|  |TAMS 0x000000061b200000, 0x000000061b200000| Untracked 
| 162|0x000000061b400000, 0x000000061b400000, 0x000000061b600000|  0%| F|  |TAMS 0x000000061b400000, 0x000000061b400000| Untracked 
| 163|0x000000061b600000, 0x000000061b600000, 0x000000061b800000|  0%| F|  |TAMS 0x000000061b600000, 0x000000061b600000| Untracked 
| 164|0x000000061b800000, 0x000000061b800000, 0x000000061ba00000|  0%| F|  |TAMS 0x000000061b800000, 0x000000061b800000| Untracked 
| 165|0x000000061ba00000, 0x000000061ba00000, 0x000000061bc00000|  0%| F|  |TAMS 0x000000061ba00000, 0x000000061ba00000| Untracked 
| 166|0x000000061bc00000, 0x000000061bc00000, 0x000000061be00000|  0%| F|  |TAMS 0x000000061bc00000, 0x000000061bc00000| Untracked 
| 167|0x000000061be00000, 0x000000061be00000, 0x000000061c000000|  0%| F|  |TAMS 0x000000061be00000, 0x000000061be00000| Untracked 
| 168|0x000000061c000000, 0x000000061c000000, 0x000000061c200000|  0%| F|  |TAMS 0x000000061c000000, 0x000000061c000000| Untracked 
| 169|0x000000061c200000, 0x000000061c200000, 0x000000061c400000|  0%| F|  |TAMS 0x000000061c200000, 0x000000061c200000| Untracked 
| 170|0x000000061c400000, 0x000000061c400000, 0x000000061c600000|  0%| F|  |TAMS 0x000000061c400000, 0x000000061c400000| Untracked 
| 171|0x000000061c600000, 0x000000061c600000, 0x000000061c800000|  0%| F|  |TAMS 0x000000061c600000, 0x000000061c600000| Untracked 
| 172|0x000000061c800000, 0x000000061c800000, 0x000000061ca00000|  0%| F|  |TAMS 0x000000061c800000, 0x000000061c800000| Untracked 
| 173|0x000000061ca00000, 0x000000061ca00000, 0x000000061cc00000|  0%| F|  |TAMS 0x000000061ca00000, 0x000000061ca00000| Untracked 
| 174|0x000000061cc00000, 0x000000061cc00000, 0x000000061ce00000|  0%| F|  |TAMS 0x000000061cc00000, 0x000000061cc00000| Untracked 
| 175|0x000000061ce00000, 0x000000061ce00000, 0x000000061d000000|  0%| F|  |TAMS 0x000000061ce00000, 0x000000061ce00000| Untracked 
| 176|0x000000061d000000, 0x000000061d000000, 0x000000061d200000|  0%| F|  |TAMS 0x000000061d000000, 0x000000061d000000| Untracked 
| 177|0x000000061d200000, 0x000000061d200000, 0x000000061d400000|  0%| F|  |TAMS 0x000000061d200000, 0x000000061d200000| Untracked 
| 178|0x000000061d400000, 0x000000061d400000, 0x000000061d600000|  0%| F|  |TAMS 0x000000061d400000, 0x000000061d400000| Untracked 
| 179|0x000000061d600000, 0x000000061d600000, 0x000000061d800000|  0%| F|  |TAMS 0x000000061d600000, 0x000000061d600000| Untracked 
| 180|0x000000061d800000, 0x000000061d800000, 0x000000061da00000|  0%| F|  |TAMS 0x000000061d800000, 0x000000061d800000| Untracked 
| 181|0x000000061da00000, 0x000000061da00000, 0x000000061dc00000|  0%| F|  |TAMS 0x000000061da00000, 0x000000061da00000| Untracked 
| 182|0x000000061dc00000, 0x000000061dc00000, 0x000000061de00000|  0%| F|  |TAMS 0x000000061dc00000, 0x000000061dc00000| Untracked 
| 183|0x000000061de00000, 0x000000061de00000, 0x000000061e000000|  0%| F|  |TAMS 0x000000061de00000, 0x000000061de00000| Untracked 
| 184|0x000000061e000000, 0x000000061e000000, 0x000000061e200000|  0%| F|  |TAMS 0x000000061e000000, 0x000000061e000000| Untracked 
| 185|0x000000061e200000, 0x000000061e200000, 0x000000061e400000|  0%| F|  |TAMS 0x000000061e200000, 0x000000061e200000| Untracked 
| 186|0x000000061e400000, 0x000000061e400000, 0x000000061e600000|  0%| F|  |TAMS 0x000000061e400000, 0x000000061e400000| Untracked 
| 187|0x000000061e600000, 0x000000061e600000, 0x000000061e800000|  0%| F|  |TAMS 0x000000061e600000, 0x000000061e600000| Untracked 
| 188|0x000000061e800000, 0x000000061e800000, 0x000000061ea00000|  0%| F|  |TAMS 0x000000061e800000, 0x000000061e800000| Untracked 
| 189|0x000000061ea00000, 0x000000061ea00000, 0x000000061ec00000|  0%| F|  |TAMS 0x000000061ea00000, 0x000000061ea00000| Untracked 
| 190|0x000000061ec00000, 0x000000061ec00000, 0x000000061ee00000|  0%| F|  |TAMS 0x000000061ec00000, 0x000000061ec00000| Untracked 
| 191|0x000000061ee00000, 0x000000061ee00000, 0x000000061f000000|  0%| F|  |TAMS 0x000000061ee00000, 0x000000061ee00000| Untracked 
| 192|0x000000061f000000, 0x000000061f000000, 0x000000061f200000|  0%| F|  |TAMS 0x000000061f000000, 0x000000061f000000| Untracked 
| 193|0x000000061f200000, 0x000000061f200000, 0x000000061f400000|  0%| F|  |TAMS 0x000000061f200000, 0x000000061f200000| Untracked 
| 194|0x000000061f400000, 0x000000061f400000, 0x000000061f600000|  0%| F|  |TAMS 0x000000061f400000, 0x000000061f400000| Untracked 
| 195|0x000000061f600000, 0x000000061f600000, 0x000000061f800000|  0%| F|  |TAMS 0x000000061f600000, 0x000000061f600000| Untracked 
| 196|0x000000061f800000, 0x000000061f800000, 0x000000061fa00000|  0%| F|  |TAMS 0x000000061f800000, 0x000000061f800000| Untracked 
| 197|0x000000061fa00000, 0x000000061fa00000, 0x000000061fc00000|  0%| F|  |TAMS 0x000000061fa00000, 0x000000061fa00000| Untracked 
| 198|0x000000061fc00000, 0x000000061fc00000, 0x000000061fe00000|  0%| F|  |TAMS 0x000000061fc00000, 0x000000061fc00000| Untracked 
| 199|0x000000061fe00000, 0x000000061fe00000, 0x0000000620000000|  0%| F|  |TAMS 0x000000061fe00000, 0x000000061fe00000| Untracked 
| 200|0x0000000620000000, 0x0000000620000000, 0x0000000620200000|  0%| F|  |TAMS 0x0000000620000000, 0x0000000620000000| Untracked 
| 201|0x0000000620200000, 0x0000000620200000, 0x0000000620400000|  0%| F|  |TAMS 0x0000000620200000, 0x0000000620200000| Untracked 
| 202|0x0000000620400000, 0x0000000620400000, 0x0000000620600000|  0%| F|  |TAMS 0x0000000620400000, 0x0000000620400000| Untracked 
| 203|0x0000000620600000, 0x0000000620600000, 0x0000000620800000|  0%| F|  |TAMS 0x0000000620600000, 0x0000000620600000| Untracked 
| 204|0x0000000620800000, 0x0000000620800000, 0x0000000620a00000|  0%| F|  |TAMS 0x0000000620800000, 0x0000000620800000| Untracked 
| 205|0x0000000620a00000, 0x0000000620a00000, 0x0000000620c00000|  0%| F|  |TAMS 0x0000000620a00000, 0x0000000620a00000| Untracked 
| 206|0x0000000620c00000, 0x0000000620c00000, 0x0000000620e00000|  0%| F|  |TAMS 0x0000000620c00000, 0x0000000620c00000| Untracked 
| 207|0x0000000620e00000, 0x0000000620e00000, 0x0000000621000000|  0%| F|  |TAMS 0x0000000620e00000, 0x0000000620e00000| Untracked 
| 208|0x0000000621000000, 0x0000000621000000, 0x0000000621200000|  0%| F|  |TAMS 0x0000000621000000, 0x0000000621000000| Untracked 
| 209|0x0000000621200000, 0x0000000621200000, 0x0000000621400000|  0%| F|  |TAMS 0x0000000621200000, 0x0000000621200000| Untracked 
| 210|0x0000000621400000, 0x0000000621400000, 0x0000000621600000|  0%| F|  |TAMS 0x0000000621400000, 0x0000000621400000| Untracked 
| 211|0x0000000621600000, 0x0000000621600000, 0x0000000621800000|  0%| F|  |TAMS 0x0000000621600000, 0x0000000621600000| Untracked 
| 212|0x0000000621800000, 0x0000000621800000, 0x0000000621a00000|  0%| F|  |TAMS 0x0000000621800000, 0x0000000621800000| Untracked 
| 213|0x0000000621a00000, 0x0000000621a00000, 0x0000000621c00000|  0%| F|  |TAMS 0x0000000621a00000, 0x0000000621a00000| Untracked 
| 214|0x0000000621c00000, 0x0000000621c00000, 0x0000000621e00000|  0%| F|  |TAMS 0x0000000621c00000, 0x0000000621c00000| Untracked 
| 215|0x0000000621e00000, 0x0000000621e00000, 0x0000000622000000|  0%| F|  |TAMS 0x0000000621e00000, 0x0000000621e00000| Untracked 
| 216|0x0000000622000000, 0x0000000622000000, 0x0000000622200000|  0%| F|  |TAMS 0x0000000622000000, 0x0000000622000000| Untracked 
| 217|0x0000000622200000, 0x0000000622200000, 0x0000000622400000|  0%| F|  |TAMS 0x0000000622200000, 0x0000000622200000| Untracked 
| 218|0x0000000622400000, 0x0000000622400000, 0x0000000622600000|  0%| F|  |TAMS 0x0000000622400000, 0x0000000622400000| Untracked 
| 219|0x0000000622600000, 0x0000000622600000, 0x0000000622800000|  0%| F|  |TAMS 0x0000000622600000, 0x0000000622600000| Untracked 
| 220|0x0000000622800000, 0x0000000622800000, 0x0000000622a00000|  0%| F|  |TAMS 0x0000000622800000, 0x0000000622800000| Untracked 
| 221|0x0000000622a00000, 0x0000000622a00000, 0x0000000622c00000|  0%| F|  |TAMS 0x0000000622a00000, 0x0000000622a00000| Untracked 
| 222|0x0000000622c00000, 0x0000000622c00000, 0x0000000622e00000|  0%| F|  |TAMS 0x0000000622c00000, 0x0000000622c00000| Untracked 
| 223|0x0000000622e00000, 0x0000000622e00000, 0x0000000623000000|  0%| F|  |TAMS 0x0000000622e00000, 0x0000000622e00000| Untracked 
| 224|0x0000000623000000, 0x0000000623000000, 0x0000000623200000|  0%| F|  |TAMS 0x0000000623000000, 0x0000000623000000| Untracked 
| 225|0x0000000623200000, 0x0000000623200000, 0x0000000623400000|  0%| F|  |TAMS 0x0000000623200000, 0x0000000623200000| Untracked 
| 226|0x0000000623400000, 0x0000000623400000, 0x0000000623600000|  0%| F|  |TAMS 0x0000000623400000, 0x0000000623400000| Untracked 
| 227|0x0000000623600000, 0x0000000623600000, 0x0000000623800000|  0%| F|  |TAMS 0x0000000623600000, 0x0000000623600000| Untracked 
| 228|0x0000000623800000, 0x0000000623800000, 0x0000000623a00000|  0%| F|  |TAMS 0x0000000623800000, 0x0000000623800000| Untracked 
| 229|0x0000000623a00000, 0x0000000623a00000, 0x0000000623c00000|  0%| F|  |TAMS 0x0000000623a00000, 0x0000000623a00000| Untracked 
| 230|0x0000000623c00000, 0x0000000623c00000, 0x0000000623e00000|  0%| F|  |TAMS 0x0000000623c00000, 0x0000000623c00000| Untracked 
| 231|0x0000000623e00000, 0x0000000623e00000, 0x0000000624000000|  0%| F|  |TAMS 0x0000000623e00000, 0x0000000623e00000| Untracked 
| 232|0x0000000624000000, 0x0000000624000000, 0x0000000624200000|  0%| F|  |TAMS 0x0000000624000000, 0x0000000624000000| Untracked 
| 233|0x0000000624200000, 0x0000000624200000, 0x0000000624400000|  0%| F|  |TAMS 0x0000000624200000, 0x0000000624200000| Untracked 
| 234|0x0000000624400000, 0x0000000624400000, 0x0000000624600000|  0%| F|  |TAMS 0x0000000624400000, 0x0000000624400000| Untracked 
| 235|0x0000000624600000, 0x0000000624600000, 0x0000000624800000|  0%| F|  |TAMS 0x0000000624600000, 0x0000000624600000| Untracked 
| 236|0x0000000624800000, 0x0000000624800000, 0x0000000624a00000|  0%| F|  |TAMS 0x0000000624800000, 0x0000000624800000| Untracked 
| 237|0x0000000624a00000, 0x0000000624a00000, 0x0000000624c00000|  0%| F|  |TAMS 0x0000000624a00000, 0x0000000624a00000| Untracked 
| 238|0x0000000624c00000, 0x0000000624c00000, 0x0000000624e00000|  0%| F|  |TAMS 0x0000000624c00000, 0x0000000624c00000| Untracked 
| 239|0x0000000624e00000, 0x0000000624e00000, 0x0000000625000000|  0%| F|  |TAMS 0x0000000624e00000, 0x0000000624e00000| Untracked 
| 240|0x0000000625000000, 0x0000000625000000, 0x0000000625200000|  0%| F|  |TAMS 0x0000000625000000, 0x0000000625000000| Untracked 
| 241|0x0000000625200000, 0x0000000625200000, 0x0000000625400000|  0%| F|  |TAMS 0x0000000625200000, 0x0000000625200000| Untracked 
| 242|0x0000000625400000, 0x0000000625400000, 0x0000000625600000|  0%| F|  |TAMS 0x0000000625400000, 0x0000000625400000| Untracked 
| 243|0x0000000625600000, 0x0000000625600000, 0x0000000625800000|  0%| F|  |TAMS 0x0000000625600000, 0x0000000625600000| Untracked 
| 244|0x0000000625800000, 0x0000000625800000, 0x0000000625a00000|  0%| F|  |TAMS 0x0000000625800000, 0x0000000625800000| Untracked 
| 245|0x0000000625a00000, 0x0000000625a00000, 0x0000000625c00000|  0%| F|  |TAMS 0x0000000625a00000, 0x0000000625a00000| Untracked 
| 246|0x0000000625c00000, 0x0000000625c00000, 0x0000000625e00000|  0%| F|  |TAMS 0x0000000625c00000, 0x0000000625c00000| Untracked 
| 247|0x0000000625e00000, 0x0000000625e00000, 0x0000000626000000|  0%| F|  |TAMS 0x0000000625e00000, 0x0000000625e00000| Untracked 
| 248|0x0000000626000000, 0x0000000626000000, 0x0000000626200000|  0%| F|  |TAMS 0x0000000626000000, 0x0000000626000000| Untracked 
| 249|0x0000000626200000, 0x000000062637ad40, 0x0000000626400000| 73%| E|  |TAMS 0x0000000626200000, 0x0000000626200000| Complete 
| 250|0x0000000626400000, 0x0000000626600000, 0x0000000626600000|100%| E|CS|TAMS 0x0000000626400000, 0x0000000626400000| Complete 
| 251|0x0000000626600000, 0x0000000626800000, 0x0000000626800000|100%| E|CS|TAMS 0x0000000626600000, 0x0000000626600000| Complete 
| 252|0x0000000626800000, 0x0000000626a00000, 0x0000000626a00000|100%| E|CS|TAMS 0x0000000626800000, 0x0000000626800000| Complete 

Card table byte_map: [0x00000259d77d0000,0x00000259d87a0000] _byte_map_base: 0x00000259d4798000

Marking Bits (Prev, Next): (CMBitMap*) 0x00000259bc935ca8, (CMBitMap*) 0x00000259bc935ce0
 Prev Bits: [0x00000259d9770000, 0x00000259e15b0000)
 Next Bits: [0x00000259e15b0000, 0x00000259e93f0000)

Polling page: 0x00000259bc980000

Metaspace:

Usage:
  Non-class:      9.34 MB capacity,     9.15 MB ( 98%) used,   185.62 KB (  2%) free+waste,     8.88 KB ( <1%) overhead. 
      Class:    973.00 KB capacity,   912.53 KB ( 94%) used,    57.09 KB (  6%) free+waste,     3.38 KB ( <1%) overhead. 
       Both:     10.29 MB capacity,    10.04 MB ( 98%) used,   242.71 KB (  2%) free+waste,    12.25 KB ( <1%) overhead. 

Virtual space:
  Non-class space:       10.00 MB reserved,       9.50 MB ( 95%) committed 
      Class space:        1.00 GB reserved,       1.00 MB ( <1%) committed 
             Both:        1.01 GB reserved,      10.50 MB (  1%) committed 

Chunk freelists:
   Non-Class:  38.00 KB
       Class:  19.00 KB
        Both:  57.00 KB

MaxMetaspaceSize: 17179869184.00 GB
CompressedClassSpaceSize: 1.00 GB
Initial GC threshold: 20.80 MB
Current GC threshold: 20.80 MB
CDS: off

CodeHeap 'non-profiled nmethods': size=119168Kb used=152Kb max_used=152Kb free=119015Kb
 bounds [0x00000259ce3b0000, 0x00000259ce620000, 0x00000259d5810000]
CodeHeap 'profiled nmethods': size=119168Kb used=824Kb max_used=824Kb free=118344Kb
 bounds [0x00000259c6f50000, 0x00000259c71c0000, 0x00000259ce3b0000]
CodeHeap 'non-nmethods': size=7424Kb used=2818Kb max_used=2830Kb free=4605Kb
 bounds [0x00000259c6810000, 0x00000259c6ae0000, 0x00000259c6f50000]
 total_blobs=903 nmethods=521 adapters=292
 compilation: enabled
              stopped_count=0, restarted_count=0
 full_count=0

Compilation events (20 events):
Event: 0.382 Thread 0x00000259ed0af800 nmethod 511 0x00000259c701a790 code [0x00000259c701a960, 0x00000259c701abf8]
Event: 0.383 Thread 0x00000259ecf3d000  512       4       java.lang.String::checkBoundsBeginEnd (60 bytes)
Event: 0.383 Thread 0x00000259ecf41000  513       3       java.lang.String::toLowerCase (29 bytes)
Event: 0.384 Thread 0x00000259ecf3d000 nmethod 512 0x00000259ce3d5210 code [0x00000259ce3d53a0, 0x00000259ce3d5438]
Event: 0.384 Thread 0x00000259ecf41000 nmethod 513 0x00000259c701ad10 code [0x00000259c701aee0, 0x00000259c701b198]
Event: 0.384 Thread 0x00000259ed0b0000  514       3       java.lang.ClassLoader::checkName (37 bytes)
Event: 0.384 Thread 0x00000259ed0b0000 nmethod 514 0x00000259c701b290 code [0x00000259c701b500, 0x00000259c701beb8]
Event: 0.385 Thread 0x00000259ed0b5000  515       3       java.lang.String::substring (68 bytes)
Event: 0.385 Thread 0x00000259ed0b5000 nmethod 515 0x00000259c701c210 code [0x00000259c701c460, 0x00000259c701cbb8]
Event: 0.385 Thread 0x00000259ed0af800  517       3       java.lang.String::charAt (25 bytes)
Event: 0.385 Thread 0x00000259ecf41000  516       3       java.lang.StringUTF16::length (5 bytes)
Event: 0.386 Thread 0x00000259ecf41000 nmethod 516 0x00000259c701ce90 code [0x00000259c701d040, 0x00000259c701d138]
Event: 0.386 Thread 0x00000259ed0af800 nmethod 517 0x00000259c701d210 code [0x00000259c701d420, 0x00000259c701d938]
Event: 0.386 Thread 0x00000259ed0b0000  518       1       java.nio.Buffer::limit (5 bytes)
Event: 0.386 Thread 0x00000259ed0b0000 nmethod 518 0x00000259ce3d5510 code [0x00000259ce3d56c0, 0x00000259ce3d5778]
Event: 0.387 Thread 0x00000259ed0b5000  519       3       java.util.Collections$UnmodifiableCollection$1::next (10 bytes)
Event: 0.387 Thread 0x00000259ed0b5000 nmethod 519 0x00000259c701db90 code [0x00000259c701dd40, 0x00000259c701df08]
Event: 0.387 Thread 0x00000259ecf41000  520       1       java.nio.Buffer::position (5 bytes)
Event: 0.387 Thread 0x00000259ecf41000 nmethod 520 0x00000259ce3d5810 code [0x00000259ce3d59c0, 0x00000259ce3d5a78]
Event: 0.387 Thread 0x00000259ed0c2000  521       4       java.lang.AbstractStringBuilder::ensureCapacityInternal (39 bytes)

GC Heap History (0 events):
No events

Deoptimization events (20 events):
Event: 0.206 Thread 0x00000259bc8ac000 DEOPT PACKING pc=0x00000259ce3beb14 sp=0x0000007e52dfe560
Event: 0.206 Thread 0x00000259bc8ac000 DEOPT UNPACKING pc=0x00000259c685a1af sp=0x0000007e52dfe500 mode 2
Event: 0.306 Thread 0x00000259bc8ac000 DEOPT PACKING pc=0x00000259c6ff38ce sp=0x0000007e52dfd550
Event: 0.306 Thread 0x00000259bc8ac000 DEOPT UNPACKING pc=0x00000259c685a95e sp=0x0000007e52dfc9a8 mode 0
Event: 0.308 Thread 0x00000259bc8ac000 DEOPT PACKING pc=0x00000259c6ff38ce sp=0x0000007e52dfd550
Event: 0.308 Thread 0x00000259bc8ac000 DEOPT UNPACKING pc=0x00000259c685a95e sp=0x0000007e52dfc9a8 mode 0
Event: 0.319 Thread 0x00000259bc8ac000 DEOPT PACKING pc=0x00000259c6ff38ce sp=0x0000007e52dfd0f0
Event: 0.319 Thread 0x00000259bc8ac000 DEOPT UNPACKING pc=0x00000259c685a95e sp=0x0000007e52dfc548 mode 0
Event: 0.321 Thread 0x00000259bc8ac000 DEOPT PACKING pc=0x00000259c6ff38ce sp=0x0000007e52dfbcc0
Event: 0.321 Thread 0x00000259bc8ac000 DEOPT UNPACKING pc=0x00000259c685a95e sp=0x0000007e52dfb118 mode 0
Event: 0.326 Thread 0x00000259bc8ac000 DEOPT PACKING pc=0x00000259c6ff38ce sp=0x0000007e52dfd450
Event: 0.326 Thread 0x00000259bc8ac000 DEOPT UNPACKING pc=0x00000259c685a95e sp=0x0000007e52dfc8a8 mode 0
Event: 0.327 Thread 0x00000259bc8ac000 DEOPT PACKING pc=0x00000259c6ff37e3 sp=0x0000007e52dfd3e0
Event: 0.327 Thread 0x00000259bc8ac000 DEOPT UNPACKING pc=0x00000259c685a95e sp=0x0000007e52dfc838 mode 0
Event: 0.360 Thread 0x00000259bc8ac000 DEOPT PACKING pc=0x00000259c6fc93a4 sp=0x0000007e52dfc160
Event: 0.360 Thread 0x00000259bc8ac000 DEOPT UNPACKING pc=0x00000259c685a95e sp=0x0000007e52dfb5f8 mode 0
Event: 0.385 Thread 0x00000259bc8ac000 Uncommon trap: trap_request=0xffffff4d fr.pc=0x00000259ce3bf320 relative=0x0000000000000080
Event: 0.385 Thread 0x00000259bc8ac000 Uncommon trap: reason=unstable_if action=reinterpret pc=0x00000259ce3bf320 method=java.lang.String.charAt(I)C @ 4 c2
Event: 0.385 Thread 0x00000259bc8ac000 DEOPT PACKING pc=0x00000259ce3bf320 sp=0x0000007e52dfe200
Event: 0.385 Thread 0x00000259bc8ac000 DEOPT UNPACKING pc=0x00000259c685a1af sp=0x0000007e52dfe1a0 mode 2

Classes redefined (0 events):
No events

Internal exceptions (1 events):
Event: 0.386 Thread 0x00000259bc8ac000 Exception <a 'java/lang/reflect/InvocationTargetException'{0x0000000626336100}> (0x0000000626336100) thrown at [s\src\hotspot\share\runtime\reflection.cpp, line 1245]

Events (20 events):
Event: 0.385 loading class java/util/Formatter$FixedString
Event: 0.385 loading class java/util/Formatter$FormatString
Event: 0.385 loading class java/util/Formatter$FormatString done
Event: 0.385 loading class java/util/Formatter$FixedString done
Event: 0.385 loading class java/util/Formatter$FormatSpecifier
Event: 0.386 loading class java/util/Formatter$FormatSpecifier done
Event: 0.386 loading class java/util/Formatter$Flags
Event: 0.386 loading class java/util/Formatter$Flags done
Event: 0.386 loading class java/util/Formatter$Conversion
Event: 0.386 loading class java/util/Formatter$Conversion done
Event: 0.386 loading class java/util/Formattable
Event: 0.386 loading class java/util/Formattable done
Event: 0.386 loading class java/lang/reflect/InvocationTargetException
Event: 0.386 loading class java/lang/reflect/InvocationTargetException done
Event: 0.386 loading class java/lang/Throwable$WrappedPrintStream
Event: 0.386 loading class java/lang/Throwable$PrintStreamOrWriter
Event: 0.386 loading class java/lang/Throwable$PrintStreamOrWriter done
Event: 0.386 loading class java/lang/Throwable$WrappedPrintStream done
Event: 0.386 loading class java/lang/StackTraceElement$HashedModules
Event: 0.387 loading class java/lang/StackTraceElement$HashedModules done


Dynamic libraries:
0x00007ff656870000 - 0x00007ff65687e000 	C:\jdk-11.0.21+9\bin\javaw.exe
0x00007ff958130000 - 0x00007ff958347000 	C:\Windows\SYSTEM32\ntdll.dll
0x00007ff9569f0000 - 0x00007ff956ab4000 	C:\Windows\System32\KERNEL32.DLL
0x00007ff955700000 - 0x00007ff955aa6000 	C:\Windows\System32\KERNELBASE.dll
0x00007ff955ab0000 - 0x00007ff955bc1000 	C:\Windows\System32\ucrtbase.dll
0x00007ff9439a0000 - 0x00007ff9439b7000 	C:\jdk-11.0.21+9\bin\jli.dll
0x00007ff957790000 - 0x00007ff95793e000 	C:\Windows\System32\USER32.dll
0x00007ff955e50000 - 0x00007ff955e76000 	C:\Windows\System32\win32u.dll
0x00007ff957760000 - 0x00007ff957789000 	C:\Windows\System32\GDI32.dll
0x00007ff955bd0000 - 0x00007ff955ce8000 	C:\Windows\System32\gdi32full.dll
0x00007ff955cf0000 - 0x00007ff955d8a000 	C:\Windows\System32\msvcp_win.dll
0x00007ff9385d0000 - 0x00007ff9385eb000 	C:\jdk-11.0.21+9\bin\VCRUNTIME140.dll
0x00007ff924a10000 - 0x00007ff924ca3000 	C:\Windows\WinSxS\amd64_microsoft.windows.common-controls_6595b64144ccf1df_6.0.22621.2506_none_270c5ae97388e100\COMCTL32.dll
0x00007ff956940000 - 0x00007ff9569e7000 	C:\Windows\System32\msvcrt.dll
0x00007ff957160000 - 0x00007ff957191000 	C:\Windows\System32\IMM32.DLL
0x00007ff94fc40000 - 0x00007ff94fc4c000 	C:\jdk-11.0.21+9\bin\vcruntime140_1.dll
0x00007ff91bc60000 - 0x00007ff91bced000 	C:\jdk-11.0.21+9\bin\msvcp140.dll
0x00007ff9134a0000 - 0x00007ff914063000 	C:\jdk-11.0.21+9\bin\server\jvm.dll
0x00007ff957f10000 - 0x00007ff957fc1000 	C:\Windows\System32\ADVAPI32.dll
0x00007ff956830000 - 0x00007ff9568d5000 	C:\Windows\System32\sechost.dll
0x00007ff956ef0000 - 0x00007ff957007000 	C:\Windows\System32\RPCRT4.dll
0x00007ff957720000 - 0x00007ff957728000 	C:\Windows\System32\PSAPI.DLL
0x00007ff94a320000 - 0x00007ff94a329000 	C:\Windows\SYSTEM32\WSOCK32.dll
0x00007ff9572a0000 - 0x00007ff957311000 	C:\Windows\System32\WS2_32.dll
0x00007ff942690000 - 0x00007ff94269a000 	C:\Windows\SYSTEM32\VERSION.dll
0x00007ff94d840000 - 0x00007ff94d874000 	C:\Windows\SYSTEM32\WINMM.dll
0x00007ff954570000 - 0x00007ff954588000 	C:\Windows\SYSTEM32\kernel.appcore.dll
0x00007ff942810000 - 0x00007ff942820000 	C:\jdk-11.0.21+9\bin\verify.dll
0x00007ff94b750000 - 0x00007ff94b983000 	C:\Windows\SYSTEM32\DBGHELP.DLL
0x00007ff956b60000 - 0x00007ff956ee9000 	C:\Windows\System32\combase.dll
0x00007ff957940000 - 0x00007ff957a17000 	C:\Windows\System32\OLEAUT32.dll
0x00007ff92f2e0000 - 0x00007ff92f312000 	C:\Windows\SYSTEM32\dbgcore.DLL
0x00007ff9554a0000 - 0x00007ff95551a000 	C:\Windows\System32\bcryptPrimitives.dll
0x00007ff927260000 - 0x00007ff927288000 	C:\jdk-11.0.21+9\bin\java.dll
0x00007ff938390000 - 0x00007ff93839a000 	C:\jdk-11.0.21+9\bin\jimage.dll
0x00007ff94db40000 - 0x00007ff94db4e000 	C:\jdk-11.0.21+9\bin\instrument.dll
0x00007ff937200000 - 0x00007ff937218000 	C:\jdk-11.0.21+9\bin\zip.dll
0x00007ff955fd0000 - 0x00007ff95682a000 	C:\Windows\System32\SHELL32.dll
0x00007ff953380000 - 0x00007ff953c76000 	C:\Windows\SYSTEM32\windows.storage.dll
0x00007ff953240000 - 0x00007ff95337e000 	C:\Windows\SYSTEM32\wintypes.dll
0x00007ff957010000 - 0x00007ff957103000 	C:\Windows\System32\SHCORE.dll
0x00007ff957eb0000 - 0x00007ff957f0e000 	C:\Windows\System32\shlwapi.dll
0x00007ff9553d0000 - 0x00007ff9553f6000 	C:\Windows\SYSTEM32\profapi.dll
0x00007ff92c590000 - 0x00007ff92c5a9000 	C:\jdk-11.0.21+9\bin\net.dll
0x00007ff94f760000 - 0x00007ff94f897000 	C:\Windows\SYSTEM32\WINHTTP.dll
0x00007ff954a10000 - 0x00007ff954a79000 	C:\Windows\system32\mswsock.dll
0x00007ff927240000 - 0x00007ff927252000 	C:\jdk-11.0.21+9\bin\nio.dll
0x00007ff9341b0000 - 0x00007ff9341c7000 	C:\Windows\system32\napinsp.dll
0x00007ff934190000 - 0x00007ff9341ab000 	C:\Windows\system32\pnrpnsp.dll
0x00007ff953fc0000 - 0x00007ff9540b9000 	C:\Windows\SYSTEM32\DNSAPI.dll
0x00007ff953f50000 - 0x00007ff953f7d000 	C:\Windows\SYSTEM32\IPHLPAPI.DLL
0x00007ff957550000 - 0x00007ff957559000 	C:\Windows\System32\NSI.dll
0x00007ff932900000 - 0x00007ff932911000 	C:\Windows\System32\winrnr.dll
0x00007ff94e190000 - 0x00007ff94e1a5000 	C:\Windows\system32\wshbth.dll
0x00007ff932790000 - 0x00007ff9327b1000 	C:\Windows\system32\nlansp_c.dll
0x00007ff94ebd0000 - 0x00007ff94ebda000 	C:\Windows\System32\rasadhlp.dll
0x00007ff94e080000 - 0x00007ff94e103000 	C:\Windows\System32\fwpuclnt.dll

dbghelp: loaded successfully - version: 4.0.5 - missing functions: none
symbol engine: initialized successfully - sym options: 0x614 - pdb path: .;C:\jdk-11.0.21+9\bin;C:\Windows\SYSTEM32;C:\Windows\WinSxS\amd64_microsoft.windows.common-controls_6595b64144ccf1df_6.0.22621.2506_none_270c5ae97388e100;C:\jdk-11.0.21+9\bin\server

VM Arguments:
jvm_args: -javaagent:C:\Users\knh96\Downloads\chrome download\eclipse-jee-photon-R-win32-x86_64\eclipse\configuration\org.eclipse.osgi\962\0\.cp\jacocoagent.jar=includes=*,excludes=,exclclassloader=sun.reflect.DelegatingClassLoader,output=tcpclient,port=56934 -Dfile.encoding=UTF-8 
java_command: dev.kiosk.KioskApplication
java_class_path (initial): C:\woori_workspace\lecture\10.java\realMarket\target\classes
Launcher Type: SUN_STANDARD

[Global flags]
     intx CICompilerCount                          = 12                                        {product} {ergonomic}
     uint ConcGCThreads                            = 3                                         {product} {ergonomic}
     uint G1ConcRefinementThreads                  = 13                                        {product} {ergonomic}
   size_t G1HeapRegionSize                         = 2097152                                   {product} {ergonomic}
    uintx GCDrainStackTargetSize                   = 64                                        {product} {ergonomic}
   size_t InitialHeapSize                          = 530579456                                 {product} {ergonomic}
   size_t MarkStackSize                            = 4194304                                   {product} {ergonomic}
   size_t MaxHeapSize                              = 8472494080                                {product} {ergonomic}
   size_t MaxNewSize                               = 5083496448                                {product} {ergonomic}
   size_t MinHeapDeltaBytes                        = 2097152                                   {product} {ergonomic}
    uintx NonNMethodCodeHeapSize                   = 7594288                                {pd product} {ergonomic}
    uintx NonProfiledCodeHeapSize                  = 122031976                              {pd product} {ergonomic}
    uintx ProfiledCodeHeapSize                     = 122031976                              {pd product} {ergonomic}
    uintx ReservedCodeCacheSize                    = 251658240                              {pd product} {ergonomic}
     bool SegmentedCodeCache                       = true                                      {product} {ergonomic}
     bool UseCompressedClassPointers               = true                                 {lp64_product} {ergonomic}
     bool UseCompressedOops                        = true                                 {lp64_product} {ergonomic}
     bool UseG1GC                                  = true                                      {product} {ergonomic}
     bool UseLargePagesIndividualAllocation        = false                                  {pd product} {ergonomic}

Logging:
Log output configuration:
 #0: stdout all=warning uptime,level,tags
 #1: stderr all=off uptime,level,tags

Environment Variables:
JAVA_HOME=C:\jdk-11.0.21+9
PATH=C:/jdk-11.0.21+9/bin/client;C:/jdk-11.0.21+9/bin;C:\jdk-11.0.21+9\bin;C:\Windows\system32;C:\Windows;C:\Windows\System32\Wbem;C:\Windows\System32\WindowsPowerShell\v1.0\;C:\Windows\System32\OpenSSH\;C:\Program Files\nodejs\;C:\Program Files\Git\cmd;C:\Users\knh96\AppData\Local\Microsoft\WindowsApps;C:\Users\knh96\Downloads\chrome download\VSCode\Microsoft VS Code\bin;C:\Users\knh96\AppData\Local\Programs\Microsoft VS Code\bin;C:\Users\knh96\AppData\Roaming\npm;C:\Users\knh96\AppData\Local\GitHubDesktop\bin;C:\Users\knh96\Downloads\chrome download\eclipse-jee-photon-R-win32-x86_64\eclipse;
USERNAME=knh96
OS=Windows_NT
PROCESSOR_IDENTIFIER=Intel64 Family 6 Model 186 Stepping 2, GenuineIntel
TMP=C:\Users\knh96\AppData\Local\Temp
TEMP=C:\Users\knh96\AppData\Local\Temp



---------------  S Y S T E M  ---------------

OS: Windows 11 , 64 bit Build 22621 (10.0.22621.2506)
OS uptime: 1 days 8:18 hours
Hyper-V role detected

CPU:total 16 (initial active 16) (8 cores per cpu, 2 threads per core) family 6 model 186 stepping 2 microcode 0x410e, cmov, cx8, fxsr, mmx, sse, sse2, sse3, ssse3, sse4.1, sse4.2, popcnt, avx, avx2, aes, clmul, erms, 3dnowpref, lzcnt, ht, tsc, tscinvbit, bmi1, bmi2, adx, sha, fma

Memory: 4k page, system-wide physical 32318M (21647M free)
TotalPageFile size 34366M (AvailPageFile size 22370M)
current process WorkingSet (physical memory assigned to process): 65M, peak: 65M
current process commit charge ("private bytes"): 620M, peak: 620M

vm_info: OpenJDK 64-Bit Server VM (11.0.21+9) for windows-amd64 JRE (11.0.21+9), built on Oct 17 2023 22:10:05 by "" with MS VC++ 16.10 / 16.11 (VS2019)

END.
